2022-02-01 12:45:01,276 [Worker-8: Loading available Gradle versions] INFO  o.e.b.c.i.u.g.PublishedGradleVersions - Gradle version information cache is up-to-date. Trying to read.
2022-02-01 12:45:30,830 [Worker-6: Importing Maven projects] INFO  o.e.m.c.i.l.LifecycleMappingFactory - Using org.eclipse.m2e.jdt.JarLifecycleMapping lifecycle mapping for MavenProject: com.alstom:PLM4ADocToolKit:1.0.1 @ D:\Health_Analydor\Webservices\PLM4ADocToolKit\pom.xml.
2022-02-01 12:45:30,895 [Worker-6: Importing Maven projects] INFO  o.e.m.c.i.p.WorkspaceClassifierResolverManager - Resolving P/WebServiceToolbox: com.alstom:WebServiceToolbox:1.0.1 with classifier  to /WebServiceToolbox/target/classes
2022-02-01 12:45:32,867 [Worker-6: Importing Maven projects] INFO  o.e.m.c.i.l.LifecycleMappingFactory - Using org.eclipse.m2e.jdt.JarLifecycleMapping lifecycle mapping for MavenProject: WS_Route:WS_Route:0.0.1-SNAPSHOT @ D:\Health_Analydor\Webservices\WS_Route\pom.xml.
2022-02-01 12:45:32,877 [Worker-6: Importing Maven projects] INFO  o.e.m.c.i.p.WorkspaceClassifierResolverManager - Resolving P/WS_Toolbox: WS_Toolbox:WS_Toolbox:0.0.1-SNAPSHOT with classifier  to /WS_Toolbox/target/classes
2022-02-01 12:45:32,975 [Worker-6: Importing Maven projects] INFO  o.e.m.c.i.l.LifecycleMappingFactory - Using org.eclipse.m2e.jdt.JarLifecycleMapping lifecycle mapping for MavenProject: WS_ChangeAction:WS_ChangeAction:0.0.1-SNAPSHOT @ D:\Health_Analydor\Webservices\WS_ChangeAction\pom.xml.
2022-02-01 12:45:32,978 [Worker-6: Importing Maven projects] INFO  o.e.m.c.i.p.WorkspaceClassifierResolverManager - Resolving P/WS_Toolbox: WS_Toolbox:WS_Toolbox:0.0.1-SNAPSHOT with classifier  to /WS_Toolbox/target/classes
2022-02-01 12:45:33,064 [Worker-6: Importing Maven projects] INFO  o.e.m.c.i.l.LifecycleMappingFactory - Using org.eclipse.m2e.jdt.JarLifecycleMapping lifecycle mapping for MavenProject: WS_EngItem:WS_EngItem:0.0.1-SNAPSHOT @ D:\Health_Analydor\Webservices\WS_EngItem\pom.xml.
2022-02-01 12:45:33,067 [Worker-6: Importing Maven projects] INFO  o.e.m.c.i.p.WorkspaceClassifierResolverManager - Resolving P/WS_Toolbox: WS_Toolbox:WS_Toolbox:0.0.1-SNAPSHOT with classifier  to /WS_Toolbox/target/classes
2022-02-01 12:45:33,155 [Worker-6: Importing Maven projects] INFO  o.e.m.c.i.l.LifecycleMappingFactory - Using org.eclipse.m2e.jdt.JarLifecycleMapping lifecycle mapping for MavenProject: WS_Toolbox:WS_Toolbox:0.0.1-SNAPSHOT @ D:\Health_Analydor\Webservices\WS_Toolbox\pom.xml.
2022-02-01 12:45:33,283 [Worker-6: Importing Maven projects] INFO  o.e.m.c.i.l.LifecycleMappingFactory - Using org.eclipse.m2e.jdt.JarLifecycleMapping lifecycle mapping for MavenProject: com.alstom:WebServiceToolbox:1.0.1 @ D:\Health_Analydor\Webservices\WebServiceToolbox\pom.xml.
2022-02-01 12:45:33,429 [Worker-6: Importing Maven projects] INFO  o.e.m.c.i.l.LifecycleMappingFactory - Using org.eclipse.m2e.jdt.JarLifecycleMapping lifecycle mapping for MavenProject: WS_Part:WS_Part:0.0.1-SNAPSHOT @ D:\Health_Analydor\Webservices\WS_Part\pom.xml.
2022-02-01 12:45:33,431 [Worker-6: Importing Maven projects] INFO  o.e.m.c.i.p.WorkspaceClassifierResolverManager - Resolving P/WS_Toolbox: WS_Toolbox:WS_Toolbox:0.0.1-SNAPSHOT with classifier  to /WS_Toolbox/target/classes
2022-02-01 12:45:33,530 [Worker-6: Importing Maven projects] INFO  o.e.m.c.i.l.LifecycleMappingFactory - Using org.eclipse.m2e.jdt.JarLifecycleMapping lifecycle mapping for MavenProject: WS_Route:WS_Route:0.0.1-SNAPSHOT @ D:\Health_Analydor\Webservices\WS_Route\pom.xml.
2022-02-01 12:45:33,533 [Worker-6: Importing Maven projects] INFO  o.e.m.c.i.p.WorkspaceClassifierResolverManager - Resolving P/WS_Toolbox: WS_Toolbox:WS_Toolbox:0.0.1-SNAPSHOT with classifier  to /WS_Toolbox/target/classes
2022-02-01 12:45:33,625 [Worker-6: Importing Maven projects] INFO  o.e.m.c.i.l.LifecycleMappingFactory - Using org.eclipse.m2e.jdt.JarLifecycleMapping lifecycle mapping for MavenProject: WS_ChangeAction:WS_ChangeAction:0.0.1-SNAPSHOT @ D:\Health_Analydor\Webservices\WS_ChangeAction\pom.xml.
2022-02-01 12:45:33,629 [Worker-6: Importing Maven projects] INFO  o.e.m.c.i.p.WorkspaceClassifierResolverManager - Resolving P/WS_Toolbox: WS_Toolbox:WS_Toolbox:0.0.1-SNAPSHOT with classifier  to /WS_Toolbox/target/classes
2022-02-01 12:45:33,721 [Worker-6: Importing Maven projects] INFO  o.e.m.c.i.l.LifecycleMappingFactory - Using org.eclipse.m2e.jdt.JarLifecycleMapping lifecycle mapping for MavenProject: WS_EngItem:WS_EngItem:0.0.1-SNAPSHOT @ D:\Health_Analydor\Webservices\WS_EngItem\pom.xml.
2022-02-01 12:45:33,723 [Worker-6: Importing Maven projects] INFO  o.e.m.c.i.p.WorkspaceClassifierResolverManager - Resolving P/WS_Toolbox: WS_Toolbox:WS_Toolbox:0.0.1-SNAPSHOT with classifier  to /WS_Toolbox/target/classes
2022-02-01 12:45:33,844 [Worker-6: Importing Maven projects] INFO  o.e.m.c.i.l.LifecycleMappingFactory - Using org.eclipse.m2e.jdt.JarLifecycleMapping lifecycle mapping for MavenProject: com.alstom:PLM4ADocToolKit:1.0.1 @ D:\Health_Analydor\Webservices\PLM4ADocToolKit\pom.xml.
2022-02-01 12:45:33,847 [Worker-6: Importing Maven projects] INFO  o.e.m.c.i.p.WorkspaceClassifierResolverManager - Resolving P/WebServiceToolbox: com.alstom:WebServiceToolbox:1.0.1 with classifier  to /WebServiceToolbox/target/classes
2022-02-01 12:45:34,322 [Worker-6: Importing Maven projects] INFO  o.e.m.j.i.AbstractJavaProjectConfigurator - Adding source folder /WS_Toolbox/src/main/java
2022-02-01 12:45:34,322 [Worker-6: Importing Maven projects] INFO  o.e.m.j.i.AbstractJavaProjectConfigurator - Adding resource folder /WS_Toolbox/src/main/resources
2022-02-01 12:45:34,324 [Worker-6: Importing Maven projects] INFO  o.e.m.j.i.AbstractJavaProjectConfigurator - Adding source folder /WS_Toolbox/src/test/java
2022-02-01 12:45:34,324 [Worker-6: Importing Maven projects] INFO  o.e.m.j.i.AbstractJavaProjectConfigurator - Adding resource folder /WS_Toolbox/src/test/resources
2022-02-01 12:45:34,926 [Worker-6: Importing Maven projects] INFO  o.e.m.j.i.AbstractJavaProjectConfigurator - Adding source folder /WS_ChangeAction/src/main/java
2022-02-01 12:45:34,926 [Worker-6: Importing Maven projects] INFO  o.e.m.j.i.AbstractJavaProjectConfigurator - Adding resource folder /WS_ChangeAction/src/main/resources
2022-02-01 12:45:34,927 [Worker-6: Importing Maven projects] INFO  o.e.m.j.i.AbstractJavaProjectConfigurator - Adding source folder /WS_ChangeAction/src/test/java
2022-02-01 12:45:34,927 [Worker-6: Importing Maven projects] INFO  o.e.m.j.i.AbstractJavaProjectConfigurator - Adding resource folder /WS_ChangeAction/src/test/resources
2022-02-01 12:45:34,994 [Worker-6: Importing Maven projects] INFO  o.e.m.j.i.AbstractJavaProjectConfigurator - Adding source folder /WS_Route/src/main/java
2022-02-01 12:45:34,995 [Worker-6: Importing Maven projects] INFO  o.e.m.j.i.AbstractJavaProjectConfigurator - Adding resource folder /WS_Route/src/main/resources
2022-02-01 12:45:34,996 [Worker-6: Importing Maven projects] INFO  o.e.m.j.i.AbstractJavaProjectConfigurator - Adding source folder /WS_Route/src/test/java
2022-02-01 12:45:34,996 [Worker-6: Importing Maven projects] INFO  o.e.m.j.i.AbstractJavaProjectConfigurator - Adding resource folder /WS_Route/src/test/resources
2022-02-01 12:45:35,059 [Worker-6: Importing Maven projects] INFO  o.e.m.j.i.AbstractJavaProjectConfigurator - Adding source folder /WebServiceToolbox/src/main/java
2022-02-01 12:45:35,060 [Worker-6: Importing Maven projects] INFO  o.e.m.j.i.AbstractJavaProjectConfigurator - Adding resource folder /WebServiceToolbox/src/main/resources
2022-02-01 12:45:35,061 [Worker-6: Importing Maven projects] INFO  o.e.m.j.i.AbstractJavaProjectConfigurator - Adding source folder /WebServiceToolbox/src/test/java
2022-02-01 12:45:35,061 [Worker-6: Importing Maven projects] INFO  o.e.m.j.i.AbstractJavaProjectConfigurator - Adding resource folder /WebServiceToolbox/src/test/resources
2022-02-01 12:45:35,106 [Worker-6: Importing Maven projects] INFO  o.e.m.j.i.AbstractJavaProjectConfigurator - Adding source folder /PLM4ADocToolKit/src/main/java
2022-02-01 12:45:35,106 [Worker-6: Importing Maven projects] INFO  o.e.m.j.i.AbstractJavaProjectConfigurator - Adding resource folder /PLM4ADocToolKit/src/main/resources
2022-02-01 12:45:35,107 [Worker-6: Importing Maven projects] INFO  o.e.m.j.i.AbstractJavaProjectConfigurator - Adding source folder /PLM4ADocToolKit/src/test/java
2022-02-01 12:45:35,107 [Worker-6: Importing Maven projects] INFO  o.e.m.j.i.AbstractJavaProjectConfigurator - Adding resource folder /PLM4ADocToolKit/src/test/resources
2022-02-01 12:45:35,144 [Worker-6: Importing Maven projects] INFO  o.e.m.j.i.AbstractJavaProjectConfigurator - Adding source folder /WS_EngItem/src/main/java
2022-02-01 12:45:35,145 [Worker-6: Importing Maven projects] INFO  o.e.m.j.i.AbstractJavaProjectConfigurator - Adding resource folder /WS_EngItem/src/main/resources
2022-02-01 12:45:35,145 [Worker-6: Importing Maven projects] INFO  o.e.m.j.i.AbstractJavaProjectConfigurator - Adding source folder /WS_EngItem/src/test/java
2022-02-01 12:45:35,145 [Worker-6: Importing Maven projects] INFO  o.e.m.j.i.AbstractJavaProjectConfigurator - Adding resource folder /WS_EngItem/src/test/resources
2022-02-01 12:45:35,197 [Worker-6: Importing Maven projects] INFO  o.e.m.j.i.AbstractJavaProjectConfigurator - Adding source folder /WS_Part/src/main/java
2022-02-01 12:45:35,197 [Worker-6: Importing Maven projects] INFO  o.e.m.j.i.AbstractJavaProjectConfigurator - Adding resource folder /WS_Part/src/main/resources
2022-02-01 12:45:35,198 [Worker-6: Importing Maven projects] INFO  o.e.m.j.i.AbstractJavaProjectConfigurator - Adding source folder /WS_Part/src/test/java
2022-02-01 12:45:35,198 [Worker-6: Importing Maven projects] INFO  o.e.m.j.i.AbstractJavaProjectConfigurator - Adding resource folder /WS_Part/src/test/resources
2022-02-01 12:45:35,236 [Worker-6: Importing Maven projects] INFO  o.e.m.c.i.p.ProjectConfigurationManager - Imported and configured 7 project(s) in 9 sec
2022-02-01 12:45:36,281 [Worker-7: Building] WARN  o.e.m.c.i.embedder.EclipseLogger - Using platform encoding (Cp1252 actually) to copy filtered resources, i.e. build is platform dependent!
2022-02-01 12:45:36,289 [Worker-7: Building] INFO  o.e.m.c.i.embedder.EclipseLogger - Copying 1 resource
2022-02-01 12:45:36,305 [Worker-7: Building] WARN  o.e.m.c.i.embedder.EclipseLogger - Using platform encoding (Cp1252 actually) to copy filtered resources, i.e. build is platform dependent!
2022-02-01 12:45:36,306 [Worker-7: Building] INFO  o.e.m.c.i.embedder.EclipseLogger - Copying 0 resource
2022-02-01 12:45:36,510 [Worker-7: Building] INFO  o.e.m.c.i.p.WorkspaceClassifierResolverManager - Resolving P/WS_Toolbox: WS_Toolbox:WS_Toolbox:0.0.1-SNAPSHOT with classifier  to /WS_Toolbox/target/classes
2022-02-01 12:45:36,516 [Worker-7: Building] WARN  o.e.m.c.i.embedder.EclipseLogger - Using platform encoding (Cp1252 actually) to copy filtered resources, i.e. build is platform dependent!
2022-02-01 12:45:36,517 [Worker-7: Building] INFO  o.e.m.c.i.embedder.EclipseLogger - Copying 1 resource
2022-02-01 12:45:36,528 [Worker-7: Building] WARN  o.e.m.c.i.embedder.EclipseLogger - Using platform encoding (Cp1252 actually) to copy filtered resources, i.e. build is platform dependent!
2022-02-01 12:45:36,530 [Worker-7: Building] INFO  o.e.m.c.i.embedder.EclipseLogger - Copying 0 resource
2022-02-01 12:45:36,624 [Worker-7: Building] INFO  o.e.m.c.i.p.WorkspaceClassifierResolverManager - Resolving P/WS_Toolbox: WS_Toolbox:WS_Toolbox:0.0.1-SNAPSHOT with classifier  to /WS_Toolbox/target/classes
2022-02-01 12:45:36,631 [Worker-7: Building] WARN  o.e.m.c.i.embedder.EclipseLogger - Using platform encoding (Cp1252 actually) to copy filtered resources, i.e. build is platform dependent!
2022-02-01 12:45:36,632 [Worker-7: Building] INFO  o.e.m.c.i.embedder.EclipseLogger - Copying 2 resources
2022-02-01 12:45:36,648 [Worker-7: Building] WARN  o.e.m.c.i.embedder.EclipseLogger - Using platform encoding (Cp1252 actually) to copy filtered resources, i.e. build is platform dependent!
2022-02-01 12:45:36,649 [Worker-7: Building] INFO  o.e.m.c.i.embedder.EclipseLogger - Copying 0 resource
2022-02-01 12:45:36,744 [Worker-7: Building] INFO  o.e.m.c.i.p.WorkspaceClassifierResolverManager - Resolving P/WS_Toolbox: WS_Toolbox:WS_Toolbox:0.0.1-SNAPSHOT with classifier  to /WS_Toolbox/target/classes
2022-02-01 12:45:36,749 [Worker-7: Building] WARN  o.e.m.c.i.embedder.EclipseLogger - Using platform encoding (Cp1252 actually) to copy filtered resources, i.e. build is platform dependent!
2022-02-01 12:45:36,751 [Worker-7: Building] INFO  o.e.m.c.i.embedder.EclipseLogger - Copying 2 resources
2022-02-01 12:45:36,756 [Worker-7: Building] WARN  o.e.m.c.i.embedder.EclipseLogger - Using platform encoding (Cp1252 actually) to copy filtered resources, i.e. build is platform dependent!
2022-02-01 12:45:36,757 [Worker-7: Building] INFO  o.e.m.c.i.embedder.EclipseLogger - Copying 0 resource
2022-02-01 12:45:36,849 [Worker-7: Building] INFO  o.e.m.c.i.p.WorkspaceClassifierResolverManager - Resolving P/WS_Toolbox: WS_Toolbox:WS_Toolbox:0.0.1-SNAPSHOT with classifier  to /WS_Toolbox/target/classes
2022-02-01 12:45:36,855 [Worker-7: Building] WARN  o.e.m.c.i.embedder.EclipseLogger - Using platform encoding (Cp1252 actually) to copy filtered resources, i.e. build is platform dependent!
2022-02-01 12:45:36,856 [Worker-7: Building] INFO  o.e.m.c.i.embedder.EclipseLogger - Copying 3 resources
2022-02-01 12:45:36,873 [Worker-7: Building] WARN  o.e.m.c.i.embedder.EclipseLogger - Using platform encoding (Cp1252 actually) to copy filtered resources, i.e. build is platform dependent!
2022-02-01 12:45:36,874 [Worker-7: Building] INFO  o.e.m.c.i.embedder.EclipseLogger - Copying 0 resource
2022-02-01 12:45:37,665 [Worker-7: Building] INFO  o.e.m.c.i.embedder.EclipseLogger - Using 'UTF-8' encoding to copy filtered resources.
2022-02-01 12:45:37,666 [Worker-7: Building] INFO  o.e.m.c.i.embedder.EclipseLogger - Copying 0 resource
2022-02-01 12:45:37,667 [Worker-7: Building] INFO  o.e.m.c.i.embedder.EclipseLogger - Using 'UTF-8' encoding to copy filtered resources.
2022-02-01 12:45:37,667 [Worker-7: Building] INFO  o.e.m.c.i.embedder.EclipseLogger - Copying 0 resource
2022-02-01 12:45:37,900 [Worker-7: Building] INFO  o.e.m.c.i.p.WorkspaceClassifierResolverManager - Resolving P/WebServiceToolbox: com.alstom:WebServiceToolbox:1.0.1 with classifier  to /WebServiceToolbox/target/classes
2022-02-01 12:45:37,905 [Worker-7: Building] INFO  o.e.m.c.i.embedder.EclipseLogger - Using 'UTF-8' encoding to copy filtered resources.
2022-02-01 12:45:37,906 [Worker-7: Building] INFO  o.e.m.c.i.embedder.EclipseLogger - Copying 1 resource
2022-02-01 12:45:37,910 [Worker-7: Building] INFO  o.e.m.c.i.embedder.EclipseLogger - Using 'UTF-8' encoding to copy filtered resources.
2022-02-01 12:45:37,910 [Worker-7: Building] INFO  o.e.m.c.i.embedder.EclipseLogger - Copying 0 resource
2022-02-01 12:45:41,439 [Worker-8: Building] WARN  o.e.m.c.i.embedder.EclipseLogger - Using platform encoding (Cp1252 actually) to copy filtered resources, i.e. build is platform dependent!
2022-02-01 12:45:41,442 [Worker-8: Building] INFO  o.e.m.c.i.embedder.EclipseLogger - Copying 0 resource
2022-02-01 12:45:41,446 [Worker-8: Building] WARN  o.e.m.c.i.embedder.EclipseLogger - Using platform encoding (Cp1252 actually) to copy filtered resources, i.e. build is platform dependent!
2022-02-01 12:45:41,446 [Worker-8: Building] INFO  o.e.m.c.i.embedder.EclipseLogger - Copying 0 resource
2022-02-01 12:45:41,476 [Worker-8: Building] INFO  o.e.m.c.i.p.WorkspaceClassifierResolverManager - Resolving P/WS_Toolbox: WS_Toolbox:WS_Toolbox:0.0.1-SNAPSHOT with classifier  to /WS_Toolbox/target/classes
2022-02-01 12:45:41,481 [Worker-8: Building] WARN  o.e.m.c.i.embedder.EclipseLogger - Using platform encoding (Cp1252 actually) to copy filtered resources, i.e. build is platform dependent!
2022-02-01 12:45:41,482 [Worker-8: Building] INFO  o.e.m.c.i.embedder.EclipseLogger - Copying 0 resource
2022-02-01 12:45:41,483 [Worker-8: Building] WARN  o.e.m.c.i.embedder.EclipseLogger - Using platform encoding (Cp1252 actually) to copy filtered resources, i.e. build is platform dependent!
2022-02-01 12:45:41,484 [Worker-8: Building] INFO  o.e.m.c.i.embedder.EclipseLogger - Copying 0 resource
2022-02-01 12:45:41,512 [Worker-8: Building] INFO  o.e.m.c.i.p.WorkspaceClassifierResolverManager - Resolving P/WS_Toolbox: WS_Toolbox:WS_Toolbox:0.0.1-SNAPSHOT with classifier  to /WS_Toolbox/target/classes
2022-02-01 12:45:41,519 [Worker-8: Building] WARN  o.e.m.c.i.embedder.EclipseLogger - Using platform encoding (Cp1252 actually) to copy filtered resources, i.e. build is platform dependent!
2022-02-01 12:45:41,520 [Worker-8: Building] INFO  o.e.m.c.i.embedder.EclipseLogger - Copying 0 resource
2022-02-01 12:45:41,521 [Worker-8: Building] WARN  o.e.m.c.i.embedder.EclipseLogger - Using platform encoding (Cp1252 actually) to copy filtered resources, i.e. build is platform dependent!
2022-02-01 12:45:41,522 [Worker-8: Building] INFO  o.e.m.c.i.embedder.EclipseLogger - Copying 0 resource
2022-02-01 12:45:41,547 [Worker-8: Building] INFO  o.e.m.c.i.p.WorkspaceClassifierResolverManager - Resolving P/WS_Toolbox: WS_Toolbox:WS_Toolbox:0.0.1-SNAPSHOT with classifier  to /WS_Toolbox/target/classes
2022-02-01 12:45:41,552 [Worker-8: Building] WARN  o.e.m.c.i.embedder.EclipseLogger - Using platform encoding (Cp1252 actually) to copy filtered resources, i.e. build is platform dependent!
2022-02-01 12:45:41,553 [Worker-8: Building] INFO  o.e.m.c.i.embedder.EclipseLogger - Copying 0 resource
2022-02-01 12:45:41,554 [Worker-8: Building] WARN  o.e.m.c.i.embedder.EclipseLogger - Using platform encoding (Cp1252 actually) to copy filtered resources, i.e. build is platform dependent!
2022-02-01 12:45:41,555 [Worker-8: Building] INFO  o.e.m.c.i.embedder.EclipseLogger - Copying 0 resource
2022-02-01 12:45:41,583 [Worker-8: Building] INFO  o.e.m.c.i.p.WorkspaceClassifierResolverManager - Resolving P/WS_Toolbox: WS_Toolbox:WS_Toolbox:0.0.1-SNAPSHOT with classifier  to /WS_Toolbox/target/classes
2022-02-01 12:45:41,589 [Worker-8: Building] WARN  o.e.m.c.i.embedder.EclipseLogger - Using platform encoding (Cp1252 actually) to copy filtered resources, i.e. build is platform dependent!
2022-02-01 12:45:41,590 [Worker-8: Building] INFO  o.e.m.c.i.embedder.EclipseLogger - Copying 0 resource
2022-02-01 12:45:41,592 [Worker-8: Building] WARN  o.e.m.c.i.embedder.EclipseLogger - Using platform encoding (Cp1252 actually) to copy filtered resources, i.e. build is platform dependent!
2022-02-01 12:45:41,593 [Worker-8: Building] INFO  o.e.m.c.i.embedder.EclipseLogger - Copying 0 resource
2022-02-01 12:45:41,618 [Worker-8: Building] INFO  o.e.m.c.i.embedder.EclipseLogger - Using 'UTF-8' encoding to copy filtered resources.
2022-02-01 12:45:41,618 [Worker-8: Building] INFO  o.e.m.c.i.embedder.EclipseLogger - Copying 0 resource
2022-02-01 12:45:41,619 [Worker-8: Building] INFO  o.e.m.c.i.embedder.EclipseLogger - Using 'UTF-8' encoding to copy filtered resources.
2022-02-01 12:45:41,619 [Worker-8: Building] INFO  o.e.m.c.i.embedder.EclipseLogger - Copying 0 resource
2022-02-01 12:45:41,647 [Worker-8: Building] INFO  o.e.m.c.i.p.WorkspaceClassifierResolverManager - Resolving P/WebServiceToolbox: com.alstom:WebServiceToolbox:1.0.1 with classifier  to /WebServiceToolbox/target/classes
2022-02-01 12:45:41,652 [Worker-8: Building] INFO  o.e.m.c.i.embedder.EclipseLogger - Using 'UTF-8' encoding to copy filtered resources.
2022-02-01 12:45:41,653 [Worker-8: Building] INFO  o.e.m.c.i.embedder.EclipseLogger - Copying 0 resource
2022-02-01 12:45:41,654 [Worker-8: Building] INFO  o.e.m.c.i.embedder.EclipseLogger - Using 'UTF-8' encoding to copy filtered resources.
2022-02-01 12:45:41,655 [Worker-8: Building] INFO  o.e.m.c.i.embedder.EclipseLogger - Copying 0 resource
2022-02-01 12:46:03,946 [Worker-7: Launching CreateChangeAction] INFO  o.e.m.c.i.p.WorkspaceClassifierResolverManager - Resolving P/WS_Toolbox: WS_Toolbox:WS_Toolbox:0.0.1-SNAPSHOT with classifier null to /WS_Toolbox/target/classes
2022-02-01 12:46:03,967 [Worker-7: Launching CreateChangeAction] INFO  o.e.m.c.i.p.WorkspaceClassifierResolverManager - Resolving P/WS_Toolbox: WS_Toolbox:WS_Toolbox:0.0.1-SNAPSHOT with classifier null to /WS_Toolbox/target/classes
2022-02-01 12:46:03,985 [Worker-7: Launching CreateChangeAction] INFO  o.e.m.c.i.p.WorkspaceClassifierResolverManager - Resolving P/WS_Toolbox: WS_Toolbox:WS_Toolbox:0.0.1-SNAPSHOT with classifier null to /WS_Toolbox/target/classes
2022-02-01 12:46:32,357 [Worker-13: Building] WARN  o.e.m.c.i.embedder.EclipseLogger - Using platform encoding (Cp1252 actually) to copy filtered resources, i.e. build is platform dependent!
2022-02-01 12:46:32,360 [Worker-13: Building] INFO  o.e.m.c.i.embedder.EclipseLogger - Copying 1 resource
2022-02-01 12:46:32,364 [Worker-13: Building] WARN  o.e.m.c.i.embedder.EclipseLogger - Using platform encoding (Cp1252 actually) to copy filtered resources, i.e. build is platform dependent!
2022-02-01 12:46:32,365 [Worker-13: Building] INFO  o.e.m.c.i.embedder.EclipseLogger - Copying 0 resource
2022-02-01 12:47:23,256 [Worker-17: Launching CreateChangeAction] INFO  o.e.m.c.i.p.WorkspaceClassifierResolverManager - Resolving P/WS_Toolbox: WS_Toolbox:WS_Toolbox:0.0.1-SNAPSHOT with classifier null to /WS_Toolbox/target/classes
2022-02-01 12:47:23,269 [Worker-17: Launching CreateChangeAction] INFO  o.e.m.c.i.p.WorkspaceClassifierResolverManager - Resolving P/WS_Toolbox: WS_Toolbox:WS_Toolbox:0.0.1-SNAPSHOT with classifier null to /WS_Toolbox/target/classes
2022-02-01 12:47:23,284 [Worker-17: Launching CreateChangeAction] INFO  o.e.m.c.i.p.WorkspaceClassifierResolverManager - Resolving P/WS_Toolbox: WS_Toolbox:WS_Toolbox:0.0.1-SNAPSHOT with classifier null to /WS_Toolbox/target/classes
2022-02-01 12:48:45,252 [Worker-11: Launching CreateChangeAction] INFO  o.e.m.c.i.p.WorkspaceClassifierResolverManager - Resolving P/WS_Toolbox: WS_Toolbox:WS_Toolbox:0.0.1-SNAPSHOT with classifier null to /WS_Toolbox/target/classes
2022-02-01 12:48:45,266 [Worker-11: Launching CreateChangeAction] INFO  o.e.m.c.i.p.WorkspaceClassifierResolverManager - Resolving P/WS_Toolbox: WS_Toolbox:WS_Toolbox:0.0.1-SNAPSHOT with classifier null to /WS_Toolbox/target/classes
2022-02-01 12:48:45,281 [Worker-11: Launching CreateChangeAction] INFO  o.e.m.c.i.p.WorkspaceClassifierResolverManager - Resolving P/WS_Toolbox: WS_Toolbox:WS_Toolbox:0.0.1-SNAPSHOT with classifier null to /WS_Toolbox/target/classes
2022-02-01 12:49:29,200 [Worker-14: Launching CreateEngItem] INFO  o.e.m.c.i.p.WorkspaceClassifierResolverManager - Resolving P/WS_Toolbox: WS_Toolbox:WS_Toolbox:0.0.1-SNAPSHOT with classifier null to /WS_Toolbox/target/classes
2022-02-01 12:49:29,214 [Worker-14: Launching CreateEngItem] INFO  o.e.m.c.i.p.WorkspaceClassifierResolverManager - Resolving P/WS_Toolbox: WS_Toolbox:WS_Toolbox:0.0.1-SNAPSHOT with classifier null to /WS_Toolbox/target/classes
2022-02-01 12:49:29,229 [Worker-14: Launching CreateEngItem] INFO  o.e.m.c.i.p.WorkspaceClassifierResolverManager - Resolving P/WS_Toolbox: WS_Toolbox:WS_Toolbox:0.0.1-SNAPSHOT with classifier null to /WS_Toolbox/target/classes
2022-02-01 12:49:41,630 [Worker-8: Launching CreatePart] INFO  o.e.m.c.i.p.WorkspaceClassifierResolverManager - Resolving P/WS_Toolbox: WS_Toolbox:WS_Toolbox:0.0.1-SNAPSHOT with classifier  to /WS_Toolbox/target/classes
2022-02-01 12:49:41,641 [Worker-8: Launching CreatePart] INFO  o.e.m.c.i.p.WorkspaceClassifierResolverManager - Resolving P/WS_Toolbox: WS_Toolbox:WS_Toolbox:0.0.1-SNAPSHOT with classifier null to /WS_Toolbox/target/classes
2022-02-01 12:49:41,653 [Worker-8: Launching CreatePart] INFO  o.e.m.c.i.p.WorkspaceClassifierResolverManager - Resolving P/WS_Toolbox: WS_Toolbox:WS_Toolbox:0.0.1-SNAPSHOT with classifier null to /WS_Toolbox/target/classes
2022-02-01 12:49:41,667 [Worker-8: Launching CreatePart] INFO  o.e.m.c.i.p.WorkspaceClassifierResolverManager - Resolving P/WS_Toolbox: WS_Toolbox:WS_Toolbox:0.0.1-SNAPSHOT with classifier null to /WS_Toolbox/target/classes
2022-02-01 12:49:53,523 [Worker-1: Launching CreateRoute] INFO  o.e.m.c.i.p.WorkspaceClassifierResolverManager - Resolving P/WS_Toolbox: WS_Toolbox:WS_Toolbox:0.0.1-SNAPSHOT with classifier  to /WS_Toolbox/target/classes
2022-02-01 12:49:53,534 [Worker-1: Launching CreateRoute] INFO  o.e.m.c.i.p.WorkspaceClassifierResolverManager - Resolving P/WS_Toolbox: WS_Toolbox:WS_Toolbox:0.0.1-SNAPSHOT with classifier null to /WS_Toolbox/target/classes
2022-02-01 12:49:53,545 [Worker-1: Launching CreateRoute] INFO  o.e.m.c.i.p.WorkspaceClassifierResolverManager - Resolving P/WS_Toolbox: WS_Toolbox:WS_Toolbox:0.0.1-SNAPSHOT with classifier null to /WS_Toolbox/target/classes
2022-02-01 12:49:53,558 [Worker-1: Launching CreateRoute] INFO  o.e.m.c.i.p.WorkspaceClassifierResolverManager - Resolving P/WS_Toolbox: WS_Toolbox:WS_Toolbox:0.0.1-SNAPSHOT with classifier null to /WS_Toolbox/target/classes
2022-02-01 12:54:31,985 [Worker-4: Building] WARN  o.e.m.c.i.embedder.EclipseLogger - Using platform encoding (Cp1252 actually) to copy filtered resources, i.e. build is platform dependent!
2022-02-01 12:54:31,986 [Worker-4: Building] INFO  o.e.m.c.i.embedder.EclipseLogger - Copying 2 resources
2022-02-01 12:54:31,988 [Worker-4: Building] WARN  o.e.m.c.i.embedder.EclipseLogger - Using platform encoding (Cp1252 actually) to copy filtered resources, i.e. build is platform dependent!
2022-02-01 12:54:31,989 [Worker-4: Building] INFO  o.e.m.c.i.embedder.EclipseLogger - Copying 0 resource
2022-02-01 12:54:41,988 [Worker-22: Launching CreateEngItem] INFO  o.e.m.c.i.p.WorkspaceClassifierResolverManager - Resolving P/WS_Toolbox: WS_Toolbox:WS_Toolbox:0.0.1-SNAPSHOT with classifier null to /WS_Toolbox/target/classes
2022-02-01 12:54:41,999 [Worker-22: Launching CreateEngItem] INFO  o.e.m.c.i.p.WorkspaceClassifierResolverManager - Resolving P/WS_Toolbox: WS_Toolbox:WS_Toolbox:0.0.1-SNAPSHOT with classifier null to /WS_Toolbox/target/classes
2022-02-01 12:54:42,015 [Worker-22: Launching CreateEngItem] INFO  o.e.m.c.i.p.WorkspaceClassifierResolverManager - Resolving P/WS_Toolbox: WS_Toolbox:WS_Toolbox:0.0.1-SNAPSHOT with classifier null to /WS_Toolbox/target/classes
2022-02-01 12:54:48,925 [Worker-1: Building] WARN  o.e.m.c.i.embedder.EclipseLogger - Using platform encoding (Cp1252 actually) to copy filtered resources, i.e. build is platform dependent!
2022-02-01 12:54:48,927 [Worker-1: Building] INFO  o.e.m.c.i.embedder.EclipseLogger - Copying 1 resource
2022-02-01 12:54:48,935 [Worker-1: Building] WARN  o.e.m.c.i.embedder.EclipseLogger - Using platform encoding (Cp1252 actually) to copy filtered resources, i.e. build is platform dependent!
2022-02-01 12:54:48,935 [Worker-1: Building] INFO  o.e.m.c.i.embedder.EclipseLogger - Copying 0 resource
2022-02-01 12:56:26,834 [Worker-4: Building] WARN  o.e.m.c.i.embedder.EclipseLogger - Using platform encoding (Cp1252 actually) to copy filtered resources, i.e. build is platform dependent!
2022-02-01 12:56:26,836 [Worker-4: Building] INFO  o.e.m.c.i.embedder.EclipseLogger - Copying 2 resources
2022-02-01 12:56:26,837 [Worker-4: Building] WARN  o.e.m.c.i.embedder.EclipseLogger - Using platform encoding (Cp1252 actually) to copy filtered resources, i.e. build is platform dependent!
2022-02-01 12:56:26,837 [Worker-4: Building] INFO  o.e.m.c.i.embedder.EclipseLogger - Copying 0 resource
2022-02-01 12:56:35,831 [Worker-24: Launching CreatePart] INFO  o.e.m.c.i.p.WorkspaceClassifierResolverManager - Resolving P/WS_Toolbox: WS_Toolbox:WS_Toolbox:0.0.1-SNAPSHOT with classifier null to /WS_Toolbox/target/classes
2022-02-01 12:56:35,843 [Worker-24: Launching CreatePart] INFO  o.e.m.c.i.p.WorkspaceClassifierResolverManager - Resolving P/WS_Toolbox: WS_Toolbox:WS_Toolbox:0.0.1-SNAPSHOT with classifier null to /WS_Toolbox/target/classes
2022-02-01 12:56:35,857 [Worker-24: Launching CreatePart] INFO  o.e.m.c.i.p.WorkspaceClassifierResolverManager - Resolving P/WS_Toolbox: WS_Toolbox:WS_Toolbox:0.0.1-SNAPSHOT with classifier null to /WS_Toolbox/target/classes
2022-02-01 12:56:41,262 [Worker-23: Building] WARN  o.e.m.c.i.embedder.EclipseLogger - Using platform encoding (Cp1252 actually) to copy filtered resources, i.e. build is platform dependent!
2022-02-01 12:56:41,264 [Worker-23: Building] INFO  o.e.m.c.i.embedder.EclipseLogger - Copying 1 resource
2022-02-01 12:56:41,272 [Worker-23: Building] WARN  o.e.m.c.i.embedder.EclipseLogger - Using platform encoding (Cp1252 actually) to copy filtered resources, i.e. build is platform dependent!
2022-02-01 12:56:41,272 [Worker-23: Building] INFO  o.e.m.c.i.embedder.EclipseLogger - Copying 0 resource
2022-02-01 12:57:37,828 [Worker-1: Building] WARN  o.e.m.c.i.embedder.EclipseLogger - Using platform encoding (Cp1252 actually) to copy filtered resources, i.e. build is platform dependent!
2022-02-01 12:57:37,829 [Worker-1: Building] INFO  o.e.m.c.i.embedder.EclipseLogger - Copying 1 resource
2022-02-01 12:57:37,832 [Worker-1: Building] WARN  o.e.m.c.i.embedder.EclipseLogger - Using platform encoding (Cp1252 actually) to copy filtered resources, i.e. build is platform dependent!
2022-02-01 12:57:37,832 [Worker-1: Building] INFO  o.e.m.c.i.embedder.EclipseLogger - Copying 0 resource
2022-02-01 12:58:19,060 [Worker-4: Building] WARN  o.e.m.c.i.embedder.EclipseLogger - Using platform encoding (Cp1252 actually) to copy filtered resources, i.e. build is platform dependent!
2022-02-01 12:58:19,061 [Worker-4: Building] INFO  o.e.m.c.i.embedder.EclipseLogger - Copying 2 resources
2022-02-01 12:58:19,062 [Worker-4: Building] WARN  o.e.m.c.i.embedder.EclipseLogger - Using platform encoding (Cp1252 actually) to copy filtered resources, i.e. build is platform dependent!
2022-02-01 12:58:19,062 [Worker-4: Building] INFO  o.e.m.c.i.embedder.EclipseLogger - Copying 0 resource
2022-02-01 12:58:27,722 [Worker-24: Launching CreateRoute] INFO  o.e.m.c.i.p.WorkspaceClassifierResolverManager - Resolving P/WS_Toolbox: WS_Toolbox:WS_Toolbox:0.0.1-SNAPSHOT with classifier null to /WS_Toolbox/target/classes
2022-02-01 12:58:27,733 [Worker-24: Launching CreateRoute] INFO  o.e.m.c.i.p.WorkspaceClassifierResolverManager - Resolving P/WS_Toolbox: WS_Toolbox:WS_Toolbox:0.0.1-SNAPSHOT with classifier null to /WS_Toolbox/target/classes
2022-02-01 12:58:27,746 [Worker-24: Launching CreateRoute] INFO  o.e.m.c.i.p.WorkspaceClassifierResolverManager - Resolving P/WS_Toolbox: WS_Toolbox:WS_Toolbox:0.0.1-SNAPSHOT with classifier null to /WS_Toolbox/target/classes
2022-02-01 12:58:33,813 [Worker-1: Building] WARN  o.e.m.c.i.embedder.EclipseLogger - Using platform encoding (Cp1252 actually) to copy filtered resources, i.e. build is platform dependent!
2022-02-01 12:58:33,814 [Worker-1: Building] INFO  o.e.m.c.i.embedder.EclipseLogger - Copying 1 resource
2022-02-01 12:58:33,824 [Worker-1: Building] WARN  o.e.m.c.i.embedder.EclipseLogger - Using platform encoding (Cp1252 actually) to copy filtered resources, i.e. build is platform dependent!
2022-02-01 12:58:33,825 [Worker-1: Building] INFO  o.e.m.c.i.embedder.EclipseLogger - Copying 0 resource
2022-02-01 13:30:53,552 [Worker-27: Launching CreateChangeAction] INFO  o.e.m.c.i.p.WorkspaceClassifierResolverManager - Resolving P/WS_Toolbox: WS_Toolbox:WS_Toolbox:0.0.1-SNAPSHOT with classifier null to /WS_Toolbox/target/classes
2022-02-01 13:30:53,563 [Worker-27: Launching CreateChangeAction] INFO  o.e.m.c.i.p.WorkspaceClassifierResolverManager - Resolving P/WS_Toolbox: WS_Toolbox:WS_Toolbox:0.0.1-SNAPSHOT with classifier null to /WS_Toolbox/target/classes
2022-02-01 13:30:53,576 [Worker-27: Launching CreateChangeAction] INFO  o.e.m.c.i.p.WorkspaceClassifierResolverManager - Resolving P/WS_Toolbox: WS_Toolbox:WS_Toolbox:0.0.1-SNAPSHOT with classifier null to /WS_Toolbox/target/classes
2022-02-01 13:31:18,871 [Worker-30: Launching CreateChangeAction] INFO  o.e.m.c.i.p.WorkspaceClassifierResolverManager - Resolving P/WS_Toolbox: WS_Toolbox:WS_Toolbox:0.0.1-SNAPSHOT with classifier null to /WS_Toolbox/target/classes
2022-02-01 13:31:18,884 [Worker-30: Launching CreateChangeAction] INFO  o.e.m.c.i.p.WorkspaceClassifierResolverManager - Resolving P/WS_Toolbox: WS_Toolbox:WS_Toolbox:0.0.1-SNAPSHOT with classifier null to /WS_Toolbox/target/classes
2022-02-01 13:31:18,897 [Worker-30: Launching CreateChangeAction] INFO  o.e.m.c.i.p.WorkspaceClassifierResolverManager - Resolving P/WS_Toolbox: WS_Toolbox:WS_Toolbox:0.0.1-SNAPSHOT with classifier null to /WS_Toolbox/target/classes
2022-02-01 13:32:39,835 [Worker-1: Launching CreateEngItem] INFO  o.e.m.c.i.p.WorkspaceClassifierResolverManager - Resolving P/WS_Toolbox: WS_Toolbox:WS_Toolbox:0.0.1-SNAPSHOT with classifier null to /WS_Toolbox/target/classes
2022-02-01 13:32:39,850 [Worker-1: Launching CreateEngItem] INFO  o.e.m.c.i.p.WorkspaceClassifierResolverManager - Resolving P/WS_Toolbox: WS_Toolbox:WS_Toolbox:0.0.1-SNAPSHOT with classifier null to /WS_Toolbox/target/classes
2022-02-01 13:32:39,863 [Worker-1: Launching CreateEngItem] INFO  o.e.m.c.i.p.WorkspaceClassifierResolverManager - Resolving P/WS_Toolbox: WS_Toolbox:WS_Toolbox:0.0.1-SNAPSHOT with classifier null to /WS_Toolbox/target/classes
2022-02-01 13:32:43,306 [Worker-32: Building] WARN  o.e.m.c.i.embedder.EclipseLogger - Using platform encoding (Cp1252 actually) to copy filtered resources, i.e. build is platform dependent!
2022-02-01 13:32:43,308 [Worker-32: Building] INFO  o.e.m.c.i.embedder.EclipseLogger - Copying 1 resource
2022-02-01 13:32:43,310 [Worker-32: Building] WARN  o.e.m.c.i.embedder.EclipseLogger - Using platform encoding (Cp1252 actually) to copy filtered resources, i.e. build is platform dependent!
2022-02-01 13:32:43,311 [Worker-32: Building] INFO  o.e.m.c.i.embedder.EclipseLogger - Copying 0 resource
2022-02-01 13:33:31,174 [Worker-30: Building] WARN  o.e.m.c.i.embedder.EclipseLogger - Using platform encoding (Cp1252 actually) to copy filtered resources, i.e. build is platform dependent!
2022-02-01 13:33:31,176 [Worker-30: Building] INFO  o.e.m.c.i.embedder.EclipseLogger - Copying 3 resources
2022-02-01 13:33:31,178 [Worker-30: Building] WARN  o.e.m.c.i.embedder.EclipseLogger - Using platform encoding (Cp1252 actually) to copy filtered resources, i.e. build is platform dependent!
2022-02-01 13:33:31,179 [Worker-30: Building] INFO  o.e.m.c.i.embedder.EclipseLogger - Copying 0 resource
2022-02-01 13:34:00,359 [Worker-27: Launching CreateChangeAction] INFO  o.e.m.c.i.p.WorkspaceClassifierResolverManager - Resolving P/WS_Toolbox: WS_Toolbox:WS_Toolbox:0.0.1-SNAPSHOT with classifier null to /WS_Toolbox/target/classes
2022-02-01 13:34:00,372 [Worker-27: Launching CreateChangeAction] INFO  o.e.m.c.i.p.WorkspaceClassifierResolverManager - Resolving P/WS_Toolbox: WS_Toolbox:WS_Toolbox:0.0.1-SNAPSHOT with classifier null to /WS_Toolbox/target/classes
2022-02-01 13:34:00,385 [Worker-27: Launching CreateChangeAction] INFO  o.e.m.c.i.p.WorkspaceClassifierResolverManager - Resolving P/WS_Toolbox: WS_Toolbox:WS_Toolbox:0.0.1-SNAPSHOT with classifier null to /WS_Toolbox/target/classes
2022-02-01 13:34:25,802 [Worker-27: Building] WARN  o.e.m.c.i.embedder.EclipseLogger - Using platform encoding (Cp1252 actually) to copy filtered resources, i.e. build is platform dependent!
2022-02-01 13:34:25,803 [Worker-27: Building] INFO  o.e.m.c.i.embedder.EclipseLogger - Copying 1 resource
2022-02-01 13:34:25,806 [Worker-27: Building] WARN  o.e.m.c.i.embedder.EclipseLogger - Using platform encoding (Cp1252 actually) to copy filtered resources, i.e. build is platform dependent!
2022-02-01 13:34:25,806 [Worker-27: Building] INFO  o.e.m.c.i.embedder.EclipseLogger - Copying 0 resource
2022-02-01 13:35:10,932 [Worker-30: Launching CreateEngItem] INFO  o.e.m.c.i.p.WorkspaceClassifierResolverManager - Resolving P/WS_Toolbox: WS_Toolbox:WS_Toolbox:0.0.1-SNAPSHOT with classifier null to /WS_Toolbox/target/classes
2022-02-01 13:35:10,946 [Worker-30: Launching CreateEngItem] INFO  o.e.m.c.i.p.WorkspaceClassifierResolverManager - Resolving P/WS_Toolbox: WS_Toolbox:WS_Toolbox:0.0.1-SNAPSHOT with classifier null to /WS_Toolbox/target/classes
2022-02-01 13:35:10,959 [Worker-30: Launching CreateEngItem] INFO  o.e.m.c.i.p.WorkspaceClassifierResolverManager - Resolving P/WS_Toolbox: WS_Toolbox:WS_Toolbox:0.0.1-SNAPSHOT with classifier null to /WS_Toolbox/target/classes
2022-02-01 13:47:53,456 [Worker-35: Launching CreateEngItem] INFO  o.e.m.c.i.p.WorkspaceClassifierResolverManager - Resolving P/WS_Toolbox: WS_Toolbox:WS_Toolbox:0.0.1-SNAPSHOT with classifier null to /WS_Toolbox/target/classes
2022-02-01 13:47:53,469 [Worker-35: Launching CreateEngItem] INFO  o.e.m.c.i.p.WorkspaceClassifierResolverManager - Resolving P/WS_Toolbox: WS_Toolbox:WS_Toolbox:0.0.1-SNAPSHOT with classifier null to /WS_Toolbox/target/classes
2022-02-01 13:47:53,482 [Worker-35: Launching CreateEngItem] INFO  o.e.m.c.i.p.WorkspaceClassifierResolverManager - Resolving P/WS_Toolbox: WS_Toolbox:WS_Toolbox:0.0.1-SNAPSHOT with classifier null to /WS_Toolbox/target/classes
2022-02-01 13:48:08,783 [Worker-37: Building] WARN  o.e.m.c.i.embedder.EclipseLogger - Using platform encoding (Cp1252 actually) to copy filtered resources, i.e. build is platform dependent!
2022-02-01 13:48:08,784 [Worker-37: Building] INFO  o.e.m.c.i.embedder.EclipseLogger - Copying 1 resource
2022-02-01 13:48:08,788 [Worker-37: Building] WARN  o.e.m.c.i.embedder.EclipseLogger - Using platform encoding (Cp1252 actually) to copy filtered resources, i.e. build is platform dependent!
2022-02-01 13:48:08,789 [Worker-37: Building] INFO  o.e.m.c.i.embedder.EclipseLogger - Copying 0 resource
2022-02-01 13:49:59,380 [Worker-38: Building] WARN  o.e.m.c.i.embedder.EclipseLogger - Using platform encoding (Cp1252 actually) to copy filtered resources, i.e. build is platform dependent!
2022-02-01 13:49:59,381 [Worker-38: Building] INFO  o.e.m.c.i.embedder.EclipseLogger - Copying 2 resources
2022-02-01 13:49:59,382 [Worker-38: Building] WARN  o.e.m.c.i.embedder.EclipseLogger - Using platform encoding (Cp1252 actually) to copy filtered resources, i.e. build is platform dependent!
2022-02-01 13:49:59,383 [Worker-38: Building] INFO  o.e.m.c.i.embedder.EclipseLogger - Copying 0 resource
2022-02-01 13:50:05,404 [Worker-37: Building] WARN  o.e.m.c.i.embedder.EclipseLogger - Using platform encoding (Cp1252 actually) to copy filtered resources, i.e. build is platform dependent!
2022-02-01 13:50:05,406 [Worker-37: Building] INFO  o.e.m.c.i.embedder.EclipseLogger - Copying 2 resources
2022-02-01 13:50:05,407 [Worker-37: Building] WARN  o.e.m.c.i.embedder.EclipseLogger - Using platform encoding (Cp1252 actually) to copy filtered resources, i.e. build is platform dependent!
2022-02-01 13:50:05,408 [Worker-37: Building] INFO  o.e.m.c.i.embedder.EclipseLogger - Copying 0 resource
2022-02-01 13:51:30,353 [Worker-37: Launching CreateChangeAction] INFO  o.e.m.c.i.p.WorkspaceClassifierResolverManager - Resolving P/WS_Toolbox: WS_Toolbox:WS_Toolbox:0.0.1-SNAPSHOT with classifier null to /WS_Toolbox/target/classes
2022-02-01 13:51:30,365 [Worker-37: Launching CreateChangeAction] INFO  o.e.m.c.i.p.WorkspaceClassifierResolverManager - Resolving P/WS_Toolbox: WS_Toolbox:WS_Toolbox:0.0.1-SNAPSHOT with classifier null to /WS_Toolbox/target/classes
2022-02-01 13:51:30,379 [Worker-37: Launching CreateChangeAction] INFO  o.e.m.c.i.p.WorkspaceClassifierResolverManager - Resolving P/WS_Toolbox: WS_Toolbox:WS_Toolbox:0.0.1-SNAPSHOT with classifier null to /WS_Toolbox/target/classes
2022-02-01 14:10:51,335 [Worker-39: Launching CreatePart] INFO  o.e.m.c.i.p.WorkspaceClassifierResolverManager - Resolving P/WS_Toolbox: WS_Toolbox:WS_Toolbox:0.0.1-SNAPSHOT with classifier null to /WS_Toolbox/target/classes
2022-02-01 14:10:51,348 [Worker-39: Launching CreatePart] INFO  o.e.m.c.i.p.WorkspaceClassifierResolverManager - Resolving P/WS_Toolbox: WS_Toolbox:WS_Toolbox:0.0.1-SNAPSHOT with classifier null to /WS_Toolbox/target/classes
2022-02-01 14:10:51,362 [Worker-39: Launching CreatePart] INFO  o.e.m.c.i.p.WorkspaceClassifierResolverManager - Resolving P/WS_Toolbox: WS_Toolbox:WS_Toolbox:0.0.1-SNAPSHOT with classifier null to /WS_Toolbox/target/classes
2022-02-01 14:16:05,760 [Worker-45: Launching CreateRoute] INFO  o.e.m.c.i.p.WorkspaceClassifierResolverManager - Resolving P/WS_Toolbox: WS_Toolbox:WS_Toolbox:0.0.1-SNAPSHOT with classifier null to /WS_Toolbox/target/classes
2022-02-01 14:16:05,772 [Worker-45: Launching CreateRoute] INFO  o.e.m.c.i.p.WorkspaceClassifierResolverManager - Resolving P/WS_Toolbox: WS_Toolbox:WS_Toolbox:0.0.1-SNAPSHOT with classifier null to /WS_Toolbox/target/classes
2022-02-01 14:16:05,785 [Worker-45: Launching CreateRoute] INFO  o.e.m.c.i.p.WorkspaceClassifierResolverManager - Resolving P/WS_Toolbox: WS_Toolbox:WS_Toolbox:0.0.1-SNAPSHOT with classifier null to /WS_Toolbox/target/classes
2022-02-01 14:16:12,566 [Worker-45: Building] WARN  o.e.m.c.i.embedder.EclipseLogger - Using platform encoding (Cp1252 actually) to copy filtered resources, i.e. build is platform dependent!
2022-02-01 14:16:12,568 [Worker-45: Building] INFO  o.e.m.c.i.embedder.EclipseLogger - Copying 1 resource
2022-02-01 14:16:12,577 [Worker-45: Building] WARN  o.e.m.c.i.embedder.EclipseLogger - Using platform encoding (Cp1252 actually) to copy filtered resources, i.e. build is platform dependent!
2022-02-01 14:16:12,578 [Worker-45: Building] INFO  o.e.m.c.i.embedder.EclipseLogger - Copying 0 resource
2022-02-01 14:16:54,572 [Worker-46: Launching CreateEngItem] INFO  o.e.m.c.i.p.WorkspaceClassifierResolverManager - Resolving P/WS_Toolbox: WS_Toolbox:WS_Toolbox:0.0.1-SNAPSHOT with classifier null to /WS_Toolbox/target/classes
2022-02-01 14:16:54,583 [Worker-46: Launching CreateEngItem] INFO  o.e.m.c.i.p.WorkspaceClassifierResolverManager - Resolving P/WS_Toolbox: WS_Toolbox:WS_Toolbox:0.0.1-SNAPSHOT with classifier null to /WS_Toolbox/target/classes
2022-02-01 14:16:54,596 [Worker-46: Launching CreateEngItem] INFO  o.e.m.c.i.p.WorkspaceClassifierResolverManager - Resolving P/WS_Toolbox: WS_Toolbox:WS_Toolbox:0.0.1-SNAPSHOT with classifier null to /WS_Toolbox/target/classes
2022-02-01 14:21:36,644 [Worker-49: Building] WARN  o.e.m.c.i.embedder.EclipseLogger - Using platform encoding (Cp1252 actually) to copy filtered resources, i.e. build is platform dependent!
2022-02-01 14:21:36,645 [Worker-49: Building] INFO  o.e.m.c.i.embedder.EclipseLogger - Copying 1 resource
2022-02-01 14:21:36,649 [Worker-49: Building] WARN  o.e.m.c.i.embedder.EclipseLogger - Using platform encoding (Cp1252 actually) to copy filtered resources, i.e. build is platform dependent!
2022-02-01 14:21:36,651 [Worker-49: Building] INFO  o.e.m.c.i.embedder.EclipseLogger - Copying 0 resource
2022-02-01 14:21:37,691 [Worker-51: Building] WARN  o.e.m.c.i.embedder.EclipseLogger - Using platform encoding (Cp1252 actually) to copy filtered resources, i.e. build is platform dependent!
2022-02-01 14:21:37,692 [Worker-51: Building] INFO  o.e.m.c.i.embedder.EclipseLogger - Copying 1 resource
2022-02-01 14:21:37,695 [Worker-51: Building] WARN  o.e.m.c.i.embedder.EclipseLogger - Using platform encoding (Cp1252 actually) to copy filtered resources, i.e. build is platform dependent!
2022-02-01 14:21:37,695 [Worker-51: Building] INFO  o.e.m.c.i.embedder.EclipseLogger - Copying 0 resource
2022-02-01 14:21:53,744 [Worker-46: Building] WARN  o.e.m.c.i.embedder.EclipseLogger - Using platform encoding (Cp1252 actually) to copy filtered resources, i.e. build is platform dependent!
2022-02-01 14:21:53,745 [Worker-46: Building] INFO  o.e.m.c.i.embedder.EclipseLogger - Copying 1 resource
2022-02-01 14:21:53,748 [Worker-46: Building] WARN  o.e.m.c.i.embedder.EclipseLogger - Using platform encoding (Cp1252 actually) to copy filtered resources, i.e. build is platform dependent!
2022-02-01 14:21:53,748 [Worker-46: Building] INFO  o.e.m.c.i.embedder.EclipseLogger - Copying 0 resource
2022-02-01 14:22:00,648 [Worker-49: Building] WARN  o.e.m.c.i.embedder.EclipseLogger - Using platform encoding (Cp1252 actually) to copy filtered resources, i.e. build is platform dependent!
2022-02-01 14:22:00,649 [Worker-49: Building] INFO  o.e.m.c.i.embedder.EclipseLogger - Copying 1 resource
2022-02-01 14:22:00,652 [Worker-49: Building] WARN  o.e.m.c.i.embedder.EclipseLogger - Using platform encoding (Cp1252 actually) to copy filtered resources, i.e. build is platform dependent!
2022-02-01 14:22:00,653 [Worker-49: Building] INFO  o.e.m.c.i.embedder.EclipseLogger - Copying 0 resource
2022-02-01 14:22:08,082 [Worker-49: Launching CreateEngItem] INFO  o.e.m.c.i.p.WorkspaceClassifierResolverManager - Resolving P/WS_Toolbox: WS_Toolbox:WS_Toolbox:0.0.1-SNAPSHOT with classifier null to /WS_Toolbox/target/classes
2022-02-01 14:22:08,095 [Worker-49: Launching CreateEngItem] INFO  o.e.m.c.i.p.WorkspaceClassifierResolverManager - Resolving P/WS_Toolbox: WS_Toolbox:WS_Toolbox:0.0.1-SNAPSHOT with classifier null to /WS_Toolbox/target/classes
2022-02-01 14:22:08,107 [Worker-49: Launching CreateEngItem] INFO  o.e.m.c.i.p.WorkspaceClassifierResolverManager - Resolving P/WS_Toolbox: WS_Toolbox:WS_Toolbox:0.0.1-SNAPSHOT with classifier null to /WS_Toolbox/target/classes
2022-02-01 14:22:37,388 [Worker-53: Launching CreateEngItem] INFO  o.e.m.c.i.p.WorkspaceClassifierResolverManager - Resolving P/WS_Toolbox: WS_Toolbox:WS_Toolbox:0.0.1-SNAPSHOT with classifier null to /WS_Toolbox/target/classes
2022-02-01 14:22:37,399 [Worker-53: Launching CreateEngItem] INFO  o.e.m.c.i.p.WorkspaceClassifierResolverManager - Resolving P/WS_Toolbox: WS_Toolbox:WS_Toolbox:0.0.1-SNAPSHOT with classifier null to /WS_Toolbox/target/classes
2022-02-01 14:22:37,411 [Worker-53: Launching CreateEngItem] INFO  o.e.m.c.i.p.WorkspaceClassifierResolverManager - Resolving P/WS_Toolbox: WS_Toolbox:WS_Toolbox:0.0.1-SNAPSHOT with classifier null to /WS_Toolbox/target/classes
2022-02-01 14:23:05,616 [Worker-46: Building] WARN  o.e.m.c.i.embedder.EclipseLogger - Using platform encoding (Cp1252 actually) to copy filtered resources, i.e. build is platform dependent!
2022-02-01 14:23:05,617 [Worker-46: Building] INFO  o.e.m.c.i.embedder.EclipseLogger - Copying 1 resource
2022-02-01 14:23:05,619 [Worker-46: Building] WARN  o.e.m.c.i.embedder.EclipseLogger - Using platform encoding (Cp1252 actually) to copy filtered resources, i.e. build is platform dependent!
2022-02-01 14:23:05,619 [Worker-46: Building] INFO  o.e.m.c.i.embedder.EclipseLogger - Copying 0 resource
2022-02-01 14:23:06,627 [Worker-46: Building] WARN  o.e.m.c.i.embedder.EclipseLogger - Using platform encoding (Cp1252 actually) to copy filtered resources, i.e. build is platform dependent!
2022-02-01 14:23:06,628 [Worker-46: Building] INFO  o.e.m.c.i.embedder.EclipseLogger - Copying 1 resource
2022-02-01 14:23:06,631 [Worker-46: Building] WARN  o.e.m.c.i.embedder.EclipseLogger - Using platform encoding (Cp1252 actually) to copy filtered resources, i.e. build is platform dependent!
2022-02-01 14:23:06,631 [Worker-46: Building] INFO  o.e.m.c.i.embedder.EclipseLogger - Copying 0 resource
2022-02-01 14:23:13,644 [Worker-51: Launching CreateEngItem] INFO  o.e.m.c.i.p.WorkspaceClassifierResolverManager - Resolving P/WS_Toolbox: WS_Toolbox:WS_Toolbox:0.0.1-SNAPSHOT with classifier null to /WS_Toolbox/target/classes
2022-02-01 14:23:13,658 [Worker-51: Launching CreateEngItem] INFO  o.e.m.c.i.p.WorkspaceClassifierResolverManager - Resolving P/WS_Toolbox: WS_Toolbox:WS_Toolbox:0.0.1-SNAPSHOT with classifier null to /WS_Toolbox/target/classes
2022-02-01 14:23:13,671 [Worker-51: Launching CreateEngItem] INFO  o.e.m.c.i.p.WorkspaceClassifierResolverManager - Resolving P/WS_Toolbox: WS_Toolbox:WS_Toolbox:0.0.1-SNAPSHOT with classifier null to /WS_Toolbox/target/classes
2022-02-01 14:26:49,403 [Worker-51: Building] WARN  o.e.m.c.i.embedder.EclipseLogger - Using platform encoding (Cp1252 actually) to copy filtered resources, i.e. build is platform dependent!
2022-02-01 14:26:49,405 [Worker-51: Building] INFO  o.e.m.c.i.embedder.EclipseLogger - Copying 1 resource
2022-02-01 14:26:49,407 [Worker-51: Building] WARN  o.e.m.c.i.embedder.EclipseLogger - Using platform encoding (Cp1252 actually) to copy filtered resources, i.e. build is platform dependent!
2022-02-01 14:26:49,407 [Worker-51: Building] INFO  o.e.m.c.i.embedder.EclipseLogger - Copying 0 resource
2022-02-01 14:26:50,417 [Worker-54: Building] WARN  o.e.m.c.i.embedder.EclipseLogger - Using platform encoding (Cp1252 actually) to copy filtered resources, i.e. build is platform dependent!
2022-02-01 14:26:50,418 [Worker-54: Building] INFO  o.e.m.c.i.embedder.EclipseLogger - Copying 1 resource
2022-02-01 14:26:50,420 [Worker-54: Building] WARN  o.e.m.c.i.embedder.EclipseLogger - Using platform encoding (Cp1252 actually) to copy filtered resources, i.e. build is platform dependent!
2022-02-01 14:26:50,421 [Worker-54: Building] INFO  o.e.m.c.i.embedder.EclipseLogger - Copying 0 resource
2022-02-01 14:26:59,636 [Worker-55: Launching CreateEngItem] INFO  o.e.m.c.i.p.WorkspaceClassifierResolverManager - Resolving P/WS_Toolbox: WS_Toolbox:WS_Toolbox:0.0.1-SNAPSHOT with classifier null to /WS_Toolbox/target/classes
2022-02-01 14:26:59,647 [Worker-55: Launching CreateEngItem] INFO  o.e.m.c.i.p.WorkspaceClassifierResolverManager - Resolving P/WS_Toolbox: WS_Toolbox:WS_Toolbox:0.0.1-SNAPSHOT with classifier null to /WS_Toolbox/target/classes
2022-02-01 14:26:59,659 [Worker-55: Launching CreateEngItem] INFO  o.e.m.c.i.p.WorkspaceClassifierResolverManager - Resolving P/WS_Toolbox: WS_Toolbox:WS_Toolbox:0.0.1-SNAPSHOT with classifier null to /WS_Toolbox/target/classes
2022-02-01 14:51:29,276 [Worker-55: Launching CreateChangeAction] INFO  o.e.m.c.i.p.WorkspaceClassifierResolverManager - Resolving P/WS_Toolbox: WS_Toolbox:WS_Toolbox:0.0.1-SNAPSHOT with classifier null to /WS_Toolbox/target/classes
2022-02-01 14:51:29,289 [Worker-55: Launching CreateChangeAction] INFO  o.e.m.c.i.p.WorkspaceClassifierResolverManager - Resolving P/WS_Toolbox: WS_Toolbox:WS_Toolbox:0.0.1-SNAPSHOT with classifier null to /WS_Toolbox/target/classes
2022-02-01 14:51:29,304 [Worker-55: Launching CreateChangeAction] INFO  o.e.m.c.i.p.WorkspaceClassifierResolverManager - Resolving P/WS_Toolbox: WS_Toolbox:WS_Toolbox:0.0.1-SNAPSHOT with classifier null to /WS_Toolbox/target/classes
2022-02-01 14:52:01,714 [Worker-61: Building] WARN  o.e.m.c.i.embedder.EclipseLogger - Using platform encoding (Cp1252 actually) to copy filtered resources, i.e. build is platform dependent!
2022-02-01 14:52:01,715 [Worker-61: Building] INFO  o.e.m.c.i.embedder.EclipseLogger - Copying 1 resource
2022-02-01 14:52:01,717 [Worker-61: Building] WARN  o.e.m.c.i.embedder.EclipseLogger - Using platform encoding (Cp1252 actually) to copy filtered resources, i.e. build is platform dependent!
2022-02-01 14:52:01,718 [Worker-61: Building] INFO  o.e.m.c.i.embedder.EclipseLogger - Copying 0 resource
2022-02-01 14:53:40,663 [Worker-62: Launching CreateEngItem] WARN  o.e.m.c.i.embedder.EclipseLogger - Using platform encoding (Cp1252 actually) to copy filtered resources, i.e. build is platform dependent!
2022-02-01 14:53:40,664 [Worker-62: Launching CreateEngItem] INFO  o.e.m.c.i.embedder.EclipseLogger - Copying 1 resource
2022-02-01 14:53:40,668 [Worker-62: Launching CreateEngItem] WARN  o.e.m.c.i.embedder.EclipseLogger - Using platform encoding (Cp1252 actually) to copy filtered resources, i.e. build is platform dependent!
2022-02-01 14:53:40,668 [Worker-62: Launching CreateEngItem] INFO  o.e.m.c.i.embedder.EclipseLogger - Copying 0 resource
2022-02-01 14:53:40,688 [Worker-62: Launching CreateEngItem] INFO  o.e.m.c.i.p.WorkspaceClassifierResolverManager - Resolving P/WS_Toolbox: WS_Toolbox:WS_Toolbox:0.0.1-SNAPSHOT with classifier null to /WS_Toolbox/target/classes
2022-02-01 14:53:40,699 [Worker-62: Launching CreateEngItem] INFO  o.e.m.c.i.p.WorkspaceClassifierResolverManager - Resolving P/WS_Toolbox: WS_Toolbox:WS_Toolbox:0.0.1-SNAPSHOT with classifier null to /WS_Toolbox/target/classes
2022-02-01 14:53:40,713 [Worker-62: Launching CreateEngItem] INFO  o.e.m.c.i.p.WorkspaceClassifierResolverManager - Resolving P/WS_Toolbox: WS_Toolbox:WS_Toolbox:0.0.1-SNAPSHOT with classifier null to /WS_Toolbox/target/classes
2022-02-01 14:53:41,900 [Worker-65: Building] WARN  o.e.m.c.i.embedder.EclipseLogger - Using platform encoding (Cp1252 actually) to copy filtered resources, i.e. build is platform dependent!
2022-02-01 14:53:41,901 [Worker-65: Building] INFO  o.e.m.c.i.embedder.EclipseLogger - Copying 1 resource
2022-02-01 14:53:41,904 [Worker-65: Building] WARN  o.e.m.c.i.embedder.EclipseLogger - Using platform encoding (Cp1252 actually) to copy filtered resources, i.e. build is platform dependent!
2022-02-01 14:53:41,905 [Worker-65: Building] INFO  o.e.m.c.i.embedder.EclipseLogger - Copying 0 resource
2022-02-01 14:53:42,952 [Worker-58: Building] WARN  o.e.m.c.i.embedder.EclipseLogger - Using platform encoding (Cp1252 actually) to copy filtered resources, i.e. build is platform dependent!
2022-02-01 14:53:42,953 [Worker-58: Building] INFO  o.e.m.c.i.embedder.EclipseLogger - Copying 1 resource
2022-02-01 14:53:42,956 [Worker-58: Building] WARN  o.e.m.c.i.embedder.EclipseLogger - Using platform encoding (Cp1252 actually) to copy filtered resources, i.e. build is platform dependent!
2022-02-01 14:53:42,956 [Worker-58: Building] INFO  o.e.m.c.i.embedder.EclipseLogger - Copying 0 resource
2022-02-01 14:55:01,071 [Worker-67: Launching CreateChangeAction] INFO  o.e.m.c.i.p.WorkspaceClassifierResolverManager - Resolving P/WS_Toolbox: WS_Toolbox:WS_Toolbox:0.0.1-SNAPSHOT with classifier null to /WS_Toolbox/target/classes
2022-02-01 14:55:01,081 [Worker-67: Launching CreateChangeAction] INFO  o.e.m.c.i.p.WorkspaceClassifierResolverManager - Resolving P/WS_Toolbox: WS_Toolbox:WS_Toolbox:0.0.1-SNAPSHOT with classifier null to /WS_Toolbox/target/classes
2022-02-01 14:55:01,094 [Worker-67: Launching CreateChangeAction] INFO  o.e.m.c.i.p.WorkspaceClassifierResolverManager - Resolving P/WS_Toolbox: WS_Toolbox:WS_Toolbox:0.0.1-SNAPSHOT with classifier null to /WS_Toolbox/target/classes
2022-02-01 14:57:28,757 [Worker-65: Building] WARN  o.e.m.c.i.embedder.EclipseLogger - Using platform encoding (Cp1252 actually) to copy filtered resources, i.e. build is platform dependent!
2022-02-01 14:57:28,758 [Worker-65: Building] INFO  o.e.m.c.i.embedder.EclipseLogger - Copying 1 resource
2022-02-01 14:57:28,760 [Worker-65: Building] WARN  o.e.m.c.i.embedder.EclipseLogger - Using platform encoding (Cp1252 actually) to copy filtered resources, i.e. build is platform dependent!
2022-02-01 14:57:28,761 [Worker-65: Building] INFO  o.e.m.c.i.embedder.EclipseLogger - Copying 0 resource
2022-02-01 14:57:29,905 [Worker-66: Building] WARN  o.e.m.c.i.embedder.EclipseLogger - Using platform encoding (Cp1252 actually) to copy filtered resources, i.e. build is platform dependent!
2022-02-01 14:57:29,906 [Worker-66: Building] INFO  o.e.m.c.i.embedder.EclipseLogger - Copying 1 resource
2022-02-01 14:57:29,909 [Worker-66: Building] WARN  o.e.m.c.i.embedder.EclipseLogger - Using platform encoding (Cp1252 actually) to copy filtered resources, i.e. build is platform dependent!
2022-02-01 14:57:29,909 [Worker-66: Building] INFO  o.e.m.c.i.embedder.EclipseLogger - Copying 0 resource
2022-02-01 14:57:36,778 [Worker-65: Launching CreateChangeAction] INFO  o.e.m.c.i.p.WorkspaceClassifierResolverManager - Resolving P/WS_Toolbox: WS_Toolbox:WS_Toolbox:0.0.1-SNAPSHOT with classifier null to /WS_Toolbox/target/classes
2022-02-01 14:57:36,792 [Worker-65: Launching CreateChangeAction] INFO  o.e.m.c.i.p.WorkspaceClassifierResolverManager - Resolving P/WS_Toolbox: WS_Toolbox:WS_Toolbox:0.0.1-SNAPSHOT with classifier null to /WS_Toolbox/target/classes
2022-02-01 14:57:36,805 [Worker-65: Launching CreateChangeAction] INFO  o.e.m.c.i.p.WorkspaceClassifierResolverManager - Resolving P/WS_Toolbox: WS_Toolbox:WS_Toolbox:0.0.1-SNAPSHOT with classifier null to /WS_Toolbox/target/classes
2022-02-01 14:57:59,575 [Worker-69: Launching CreateChangeAction] INFO  o.e.m.c.i.p.WorkspaceClassifierResolverManager - Resolving P/WS_Toolbox: WS_Toolbox:WS_Toolbox:0.0.1-SNAPSHOT with classifier null to /WS_Toolbox/target/classes
2022-02-01 14:57:59,587 [Worker-69: Launching CreateChangeAction] INFO  o.e.m.c.i.p.WorkspaceClassifierResolverManager - Resolving P/WS_Toolbox: WS_Toolbox:WS_Toolbox:0.0.1-SNAPSHOT with classifier null to /WS_Toolbox/target/classes
2022-02-01 14:57:59,598 [Worker-69: Launching CreateChangeAction] INFO  o.e.m.c.i.p.WorkspaceClassifierResolverManager - Resolving P/WS_Toolbox: WS_Toolbox:WS_Toolbox:0.0.1-SNAPSHOT with classifier null to /WS_Toolbox/target/classes
2022-02-01 14:58:57,143 [Worker-66: Building] WARN  o.e.m.c.i.embedder.EclipseLogger - Using platform encoding (Cp1252 actually) to copy filtered resources, i.e. build is platform dependent!
2022-02-01 14:58:57,144 [Worker-66: Building] INFO  o.e.m.c.i.embedder.EclipseLogger - Copying 3 resources
2022-02-01 14:58:57,155 [Worker-66: Building] WARN  o.e.m.c.i.embedder.EclipseLogger - Using platform encoding (Cp1252 actually) to copy filtered resources, i.e. build is platform dependent!
2022-02-01 14:58:57,156 [Worker-66: Building] INFO  o.e.m.c.i.embedder.EclipseLogger - Copying 0 resource
2022-02-01 14:59:03,246 [Worker-71: Building] WARN  o.e.m.c.i.embedder.EclipseLogger - Using platform encoding (Cp1252 actually) to copy filtered resources, i.e. build is platform dependent!
2022-02-01 14:59:03,248 [Worker-71: Building] INFO  o.e.m.c.i.embedder.EclipseLogger - Copying 3 resources
2022-02-01 14:59:03,249 [Worker-71: Building] WARN  o.e.m.c.i.embedder.EclipseLogger - Using platform encoding (Cp1252 actually) to copy filtered resources, i.e. build is platform dependent!
2022-02-01 14:59:03,250 [Worker-71: Building] INFO  o.e.m.c.i.embedder.EclipseLogger - Copying 0 resource
2022-02-01 14:59:10,940 [Worker-71: Launching CreateChangeAction] INFO  o.e.m.c.i.p.WorkspaceClassifierResolverManager - Resolving P/WS_Toolbox: WS_Toolbox:WS_Toolbox:0.0.1-SNAPSHOT with classifier null to /WS_Toolbox/target/classes
2022-02-01 14:59:10,952 [Worker-71: Launching CreateChangeAction] INFO  o.e.m.c.i.p.WorkspaceClassifierResolverManager - Resolving P/WS_Toolbox: WS_Toolbox:WS_Toolbox:0.0.1-SNAPSHOT with classifier null to /WS_Toolbox/target/classes
2022-02-01 14:59:10,967 [Worker-71: Launching CreateChangeAction] INFO  o.e.m.c.i.p.WorkspaceClassifierResolverManager - Resolving P/WS_Toolbox: WS_Toolbox:WS_Toolbox:0.0.1-SNAPSHOT with classifier null to /WS_Toolbox/target/classes
2022-02-01 14:59:41,692 [Worker-65: Building] WARN  o.e.m.c.i.embedder.EclipseLogger - Using platform encoding (Cp1252 actually) to copy filtered resources, i.e. build is platform dependent!
2022-02-01 14:59:41,693 [Worker-65: Building] INFO  o.e.m.c.i.embedder.EclipseLogger - Copying 1 resource
2022-02-01 14:59:41,695 [Worker-65: Building] WARN  o.e.m.c.i.embedder.EclipseLogger - Using platform encoding (Cp1252 actually) to copy filtered resources, i.e. build is platform dependent!
2022-02-01 14:59:41,695 [Worker-65: Building] INFO  o.e.m.c.i.embedder.EclipseLogger - Copying 0 resource
2022-02-01 14:59:42,705 [Worker-69: Building] WARN  o.e.m.c.i.embedder.EclipseLogger - Using platform encoding (Cp1252 actually) to copy filtered resources, i.e. build is platform dependent!
2022-02-01 14:59:42,706 [Worker-69: Building] INFO  o.e.m.c.i.embedder.EclipseLogger - Copying 1 resource
2022-02-01 14:59:42,708 [Worker-69: Building] WARN  o.e.m.c.i.embedder.EclipseLogger - Using platform encoding (Cp1252 actually) to copy filtered resources, i.e. build is platform dependent!
2022-02-01 14:59:42,709 [Worker-69: Building] INFO  o.e.m.c.i.embedder.EclipseLogger - Copying 0 resource
2022-02-01 14:59:46,825 [Worker-71: Launching CreateChangeAction] INFO  o.e.m.c.i.p.WorkspaceClassifierResolverManager - Resolving P/WS_Toolbox: WS_Toolbox:WS_Toolbox:0.0.1-SNAPSHOT with classifier null to /WS_Toolbox/target/classes
2022-02-01 14:59:46,836 [Worker-71: Launching CreateChangeAction] INFO  o.e.m.c.i.p.WorkspaceClassifierResolverManager - Resolving P/WS_Toolbox: WS_Toolbox:WS_Toolbox:0.0.1-SNAPSHOT with classifier null to /WS_Toolbox/target/classes
2022-02-01 14:59:46,850 [Worker-71: Launching CreateChangeAction] INFO  o.e.m.c.i.p.WorkspaceClassifierResolverManager - Resolving P/WS_Toolbox: WS_Toolbox:WS_Toolbox:0.0.1-SNAPSHOT with classifier null to /WS_Toolbox/target/classes
2022-02-01 15:00:18,909 [Worker-65: Building] WARN  o.e.m.c.i.embedder.EclipseLogger - Using platform encoding (Cp1252 actually) to copy filtered resources, i.e. build is platform dependent!
2022-02-01 15:00:18,910 [Worker-65: Building] INFO  o.e.m.c.i.embedder.EclipseLogger - Copying 2 resources
2022-02-01 15:00:18,911 [Worker-65: Building] WARN  o.e.m.c.i.embedder.EclipseLogger - Using platform encoding (Cp1252 actually) to copy filtered resources, i.e. build is platform dependent!
2022-02-01 15:00:18,912 [Worker-65: Building] INFO  o.e.m.c.i.embedder.EclipseLogger - Copying 0 resource
2022-02-01 15:00:30,195 [Worker-72: Building] WARN  o.e.m.c.i.embedder.EclipseLogger - Using platform encoding (Cp1252 actually) to copy filtered resources, i.e. build is platform dependent!
2022-02-01 15:00:30,196 [Worker-72: Building] INFO  o.e.m.c.i.embedder.EclipseLogger - Copying 2 resources
2022-02-01 15:00:30,205 [Worker-72: Building] WARN  o.e.m.c.i.embedder.EclipseLogger - Using platform encoding (Cp1252 actually) to copy filtered resources, i.e. build is platform dependent!
2022-02-01 15:00:30,206 [Worker-72: Building] INFO  o.e.m.c.i.embedder.EclipseLogger - Copying 0 resource
2022-02-01 15:00:39,144 [Worker-65: Building] WARN  o.e.m.c.i.embedder.EclipseLogger - Using platform encoding (Cp1252 actually) to copy filtered resources, i.e. build is platform dependent!
2022-02-01 15:00:39,145 [Worker-65: Building] INFO  o.e.m.c.i.embedder.EclipseLogger - Copying 2 resources
2022-02-01 15:00:39,146 [Worker-65: Building] WARN  o.e.m.c.i.embedder.EclipseLogger - Using platform encoding (Cp1252 actually) to copy filtered resources, i.e. build is platform dependent!
2022-02-01 15:00:39,147 [Worker-65: Building] INFO  o.e.m.c.i.embedder.EclipseLogger - Copying 0 resource
2022-02-01 15:01:04,410 [Worker-72: Building] WARN  o.e.m.c.i.embedder.EclipseLogger - Using platform encoding (Cp1252 actually) to copy filtered resources, i.e. build is platform dependent!
2022-02-01 15:01:04,411 [Worker-72: Building] INFO  o.e.m.c.i.embedder.EclipseLogger - Copying 1 resource
2022-02-01 15:01:04,413 [Worker-72: Building] WARN  o.e.m.c.i.embedder.EclipseLogger - Using platform encoding (Cp1252 actually) to copy filtered resources, i.e. build is platform dependent!
2022-02-01 15:01:04,414 [Worker-72: Building] INFO  o.e.m.c.i.embedder.EclipseLogger - Copying 0 resource
2022-02-01 15:01:10,912 [Worker-69: Launching CreateEngItem] INFO  o.e.m.c.i.p.WorkspaceClassifierResolverManager - Resolving P/WS_Toolbox: WS_Toolbox:WS_Toolbox:0.0.1-SNAPSHOT with classifier null to /WS_Toolbox/target/classes
2022-02-01 15:01:10,927 [Worker-69: Launching CreateEngItem] INFO  o.e.m.c.i.p.WorkspaceClassifierResolverManager - Resolving P/WS_Toolbox: WS_Toolbox:WS_Toolbox:0.0.1-SNAPSHOT with classifier null to /WS_Toolbox/target/classes
2022-02-01 15:01:10,940 [Worker-69: Launching CreateEngItem] INFO  o.e.m.c.i.p.WorkspaceClassifierResolverManager - Resolving P/WS_Toolbox: WS_Toolbox:WS_Toolbox:0.0.1-SNAPSHOT with classifier null to /WS_Toolbox/target/classes
2022-02-01 15:02:05,271 [Worker-69: Building] WARN  o.e.m.c.i.embedder.EclipseLogger - Using platform encoding (Cp1252 actually) to copy filtered resources, i.e. build is platform dependent!
2022-02-01 15:02:05,272 [Worker-69: Building] INFO  o.e.m.c.i.embedder.EclipseLogger - Copying 1 resource
2022-02-01 15:02:05,274 [Worker-69: Building] WARN  o.e.m.c.i.embedder.EclipseLogger - Using platform encoding (Cp1252 actually) to copy filtered resources, i.e. build is platform dependent!
2022-02-01 15:02:05,274 [Worker-69: Building] INFO  o.e.m.c.i.embedder.EclipseLogger - Copying 0 resource
2022-02-01 15:02:06,467 [Worker-69: Building] WARN  o.e.m.c.i.embedder.EclipseLogger - Using platform encoding (Cp1252 actually) to copy filtered resources, i.e. build is platform dependent!
2022-02-01 15:02:06,468 [Worker-69: Building] INFO  o.e.m.c.i.embedder.EclipseLogger - Copying 1 resource
2022-02-01 15:02:06,470 [Worker-69: Building] WARN  o.e.m.c.i.embedder.EclipseLogger - Using platform encoding (Cp1252 actually) to copy filtered resources, i.e. build is platform dependent!
2022-02-01 15:02:06,471 [Worker-69: Building] INFO  o.e.m.c.i.embedder.EclipseLogger - Copying 0 resource
2022-02-01 15:02:23,371 [Worker-66: Building] WARN  o.e.m.c.i.embedder.EclipseLogger - Using platform encoding (Cp1252 actually) to copy filtered resources, i.e. build is platform dependent!
2022-02-01 15:02:23,372 [Worker-66: Building] INFO  o.e.m.c.i.embedder.EclipseLogger - Copying 1 resource
2022-02-01 15:02:23,374 [Worker-66: Building] WARN  o.e.m.c.i.embedder.EclipseLogger - Using platform encoding (Cp1252 actually) to copy filtered resources, i.e. build is platform dependent!
2022-02-01 15:02:23,375 [Worker-66: Building] INFO  o.e.m.c.i.embedder.EclipseLogger - Copying 0 resource
2022-02-01 15:02:26,506 [Worker-69: Launching CreateEngItem] INFO  o.e.m.c.i.p.WorkspaceClassifierResolverManager - Resolving P/WS_Toolbox: WS_Toolbox:WS_Toolbox:0.0.1-SNAPSHOT with classifier null to /WS_Toolbox/target/classes
2022-02-01 15:02:26,519 [Worker-69: Launching CreateEngItem] INFO  o.e.m.c.i.p.WorkspaceClassifierResolverManager - Resolving P/WS_Toolbox: WS_Toolbox:WS_Toolbox:0.0.1-SNAPSHOT with classifier null to /WS_Toolbox/target/classes
2022-02-01 15:02:26,534 [Worker-69: Launching CreateEngItem] INFO  o.e.m.c.i.p.WorkspaceClassifierResolverManager - Resolving P/WS_Toolbox: WS_Toolbox:WS_Toolbox:0.0.1-SNAPSHOT with classifier null to /WS_Toolbox/target/classes
2022-02-01 15:20:11,426 [Worker-65: Launching CreatePart] INFO  o.e.m.c.i.p.WorkspaceClassifierResolverManager - Resolving P/WS_Toolbox: WS_Toolbox:WS_Toolbox:0.0.1-SNAPSHOT with classifier null to /WS_Toolbox/target/classes
2022-02-01 15:20:11,439 [Worker-65: Launching CreatePart] INFO  o.e.m.c.i.p.WorkspaceClassifierResolverManager - Resolving P/WS_Toolbox: WS_Toolbox:WS_Toolbox:0.0.1-SNAPSHOT with classifier null to /WS_Toolbox/target/classes
2022-02-01 15:20:11,452 [Worker-65: Launching CreatePart] INFO  o.e.m.c.i.p.WorkspaceClassifierResolverManager - Resolving P/WS_Toolbox: WS_Toolbox:WS_Toolbox:0.0.1-SNAPSHOT with classifier null to /WS_Toolbox/target/classes
2022-02-01 15:20:44,495 [Worker-65: Building] WARN  o.e.m.c.i.embedder.EclipseLogger - Using platform encoding (Cp1252 actually) to copy filtered resources, i.e. build is platform dependent!
2022-02-01 15:20:44,496 [Worker-65: Building] INFO  o.e.m.c.i.embedder.EclipseLogger - Copying 1 resource
2022-02-01 15:20:44,499 [Worker-65: Building] WARN  o.e.m.c.i.embedder.EclipseLogger - Using platform encoding (Cp1252 actually) to copy filtered resources, i.e. build is platform dependent!
2022-02-01 15:20:44,500 [Worker-65: Building] INFO  o.e.m.c.i.embedder.EclipseLogger - Copying 0 resource
2022-02-01 15:20:45,699 [Worker-69: Building] WARN  o.e.m.c.i.embedder.EclipseLogger - Using platform encoding (Cp1252 actually) to copy filtered resources, i.e. build is platform dependent!
2022-02-01 15:20:45,700 [Worker-69: Building] INFO  o.e.m.c.i.embedder.EclipseLogger - Copying 1 resource
2022-02-01 15:20:45,704 [Worker-69: Building] WARN  o.e.m.c.i.embedder.EclipseLogger - Using platform encoding (Cp1252 actually) to copy filtered resources, i.e. build is platform dependent!
2022-02-01 15:20:45,705 [Worker-69: Building] INFO  o.e.m.c.i.embedder.EclipseLogger - Copying 0 resource
2022-02-01 15:20:47,815 [Worker-75: Launching CreatePart] INFO  o.e.m.c.i.p.WorkspaceClassifierResolverManager - Resolving P/WS_Toolbox: WS_Toolbox:WS_Toolbox:0.0.1-SNAPSHOT with classifier null to /WS_Toolbox/target/classes
2022-02-01 15:20:47,827 [Worker-75: Launching CreatePart] INFO  o.e.m.c.i.p.WorkspaceClassifierResolverManager - Resolving P/WS_Toolbox: WS_Toolbox:WS_Toolbox:0.0.1-SNAPSHOT with classifier null to /WS_Toolbox/target/classes
2022-02-01 15:20:47,839 [Worker-75: Launching CreatePart] INFO  o.e.m.c.i.p.WorkspaceClassifierResolverManager - Resolving P/WS_Toolbox: WS_Toolbox:WS_Toolbox:0.0.1-SNAPSHOT with classifier null to /WS_Toolbox/target/classes
2022-02-01 15:26:43,897 [Worker-77: Launching CreateRoute] INFO  o.e.m.c.i.p.WorkspaceClassifierResolverManager - Resolving P/WS_Toolbox: WS_Toolbox:WS_Toolbox:0.0.1-SNAPSHOT with classifier null to /WS_Toolbox/target/classes
2022-02-01 15:26:43,909 [Worker-77: Launching CreateRoute] INFO  o.e.m.c.i.p.WorkspaceClassifierResolverManager - Resolving P/WS_Toolbox: WS_Toolbox:WS_Toolbox:0.0.1-SNAPSHOT with classifier null to /WS_Toolbox/target/classes
2022-02-01 15:26:43,923 [Worker-77: Launching CreateRoute] INFO  o.e.m.c.i.p.WorkspaceClassifierResolverManager - Resolving P/WS_Toolbox: WS_Toolbox:WS_Toolbox:0.0.1-SNAPSHOT with classifier null to /WS_Toolbox/target/classes
2022-02-01 15:31:37,073 [Worker-80: Launching CreateEngItem] INFO  o.e.m.c.i.p.WorkspaceClassifierResolverManager - Resolving P/WS_Toolbox: WS_Toolbox:WS_Toolbox:0.0.1-SNAPSHOT with classifier null to /WS_Toolbox/target/classes
2022-02-01 15:31:37,085 [Worker-80: Launching CreateEngItem] INFO  o.e.m.c.i.p.WorkspaceClassifierResolverManager - Resolving P/WS_Toolbox: WS_Toolbox:WS_Toolbox:0.0.1-SNAPSHOT with classifier null to /WS_Toolbox/target/classes
2022-02-01 15:31:37,097 [Worker-80: Launching CreateEngItem] INFO  o.e.m.c.i.p.WorkspaceClassifierResolverManager - Resolving P/WS_Toolbox: WS_Toolbox:WS_Toolbox:0.0.1-SNAPSHOT with classifier null to /WS_Toolbox/target/classes
2022-02-01 16:39:08,166 [Worker-82: Building] WARN  o.e.m.c.i.embedder.EclipseLogger - Using platform encoding (Cp1252 actually) to copy filtered resources, i.e. build is platform dependent!
2022-02-01 16:39:08,168 [Worker-82: Building] INFO  o.e.m.c.i.embedder.EclipseLogger - Copying 1 resource
2022-02-01 16:39:08,170 [Worker-82: Building] WARN  o.e.m.c.i.embedder.EclipseLogger - Using platform encoding (Cp1252 actually) to copy filtered resources, i.e. build is platform dependent!
2022-02-01 16:39:08,171 [Worker-82: Building] INFO  o.e.m.c.i.embedder.EclipseLogger - Copying 0 resource
2022-02-01 16:39:49,257 [Worker-83: Launching CreateChangeAction] INFO  o.e.m.c.i.p.WorkspaceClassifierResolverManager - Resolving P/WS_Toolbox: WS_Toolbox:WS_Toolbox:0.0.1-SNAPSHOT with classifier null to /WS_Toolbox/target/classes
2022-02-01 16:39:49,271 [Worker-83: Launching CreateChangeAction] INFO  o.e.m.c.i.p.WorkspaceClassifierResolverManager - Resolving P/WS_Toolbox: WS_Toolbox:WS_Toolbox:0.0.1-SNAPSHOT with classifier null to /WS_Toolbox/target/classes
2022-02-01 16:39:49,284 [Worker-83: Launching CreateChangeAction] INFO  o.e.m.c.i.p.WorkspaceClassifierResolverManager - Resolving P/WS_Toolbox: WS_Toolbox:WS_Toolbox:0.0.1-SNAPSHOT with classifier null to /WS_Toolbox/target/classes
2022-02-01 16:39:57,120 [Worker-85: Building] WARN  o.e.m.c.i.embedder.EclipseLogger - Using platform encoding (Cp1252 actually) to copy filtered resources, i.e. build is platform dependent!
2022-02-01 16:39:57,122 [Worker-85: Building] INFO  o.e.m.c.i.embedder.EclipseLogger - Copying 1 resource
2022-02-01 16:39:57,131 [Worker-85: Building] WARN  o.e.m.c.i.embedder.EclipseLogger - Using platform encoding (Cp1252 actually) to copy filtered resources, i.e. build is platform dependent!
2022-02-01 16:39:57,132 [Worker-85: Building] INFO  o.e.m.c.i.embedder.EclipseLogger - Copying 0 resource
2022-02-01 16:41:04,261 [Worker-82: Launching CreateEngItem] INFO  o.e.m.c.i.p.WorkspaceClassifierResolverManager - Resolving P/WS_Toolbox: WS_Toolbox:WS_Toolbox:0.0.1-SNAPSHOT with classifier null to /WS_Toolbox/target/classes
2022-02-01 16:41:04,274 [Worker-82: Launching CreateEngItem] INFO  o.e.m.c.i.p.WorkspaceClassifierResolverManager - Resolving P/WS_Toolbox: WS_Toolbox:WS_Toolbox:0.0.1-SNAPSHOT with classifier null to /WS_Toolbox/target/classes
2022-02-01 16:41:04,288 [Worker-82: Launching CreateEngItem] INFO  o.e.m.c.i.p.WorkspaceClassifierResolverManager - Resolving P/WS_Toolbox: WS_Toolbox:WS_Toolbox:0.0.1-SNAPSHOT with classifier null to /WS_Toolbox/target/classes
2022-02-01 16:46:31,934 [Worker-80: Launching CreatePart] INFO  o.e.m.c.i.p.WorkspaceClassifierResolverManager - Resolving P/WS_Toolbox: WS_Toolbox:WS_Toolbox:0.0.1-SNAPSHOT with classifier null to /WS_Toolbox/target/classes
2022-02-01 16:46:31,945 [Worker-80: Launching CreatePart] INFO  o.e.m.c.i.p.WorkspaceClassifierResolverManager - Resolving P/WS_Toolbox: WS_Toolbox:WS_Toolbox:0.0.1-SNAPSHOT with classifier null to /WS_Toolbox/target/classes
2022-02-01 16:46:31,959 [Worker-80: Launching CreatePart] INFO  o.e.m.c.i.p.WorkspaceClassifierResolverManager - Resolving P/WS_Toolbox: WS_Toolbox:WS_Toolbox:0.0.1-SNAPSHOT with classifier null to /WS_Toolbox/target/classes
2022-02-01 16:47:06,842 [Worker-88: Building] WARN  o.e.m.c.i.embedder.EclipseLogger - Using platform encoding (Cp1252 actually) to copy filtered resources, i.e. build is platform dependent!
2022-02-01 16:47:06,843 [Worker-88: Building] INFO  o.e.m.c.i.embedder.EclipseLogger - Copying 1 resource
2022-02-01 16:47:06,852 [Worker-88: Building] WARN  o.e.m.c.i.embedder.EclipseLogger - Using platform encoding (Cp1252 actually) to copy filtered resources, i.e. build is platform dependent!
2022-02-01 16:47:06,853 [Worker-88: Building] INFO  o.e.m.c.i.embedder.EclipseLogger - Copying 0 resource
2022-02-01 16:53:08,919 [Worker-89: Launching CreateEngItem] INFO  o.e.m.c.i.p.WorkspaceClassifierResolverManager - Resolving P/WS_Toolbox: WS_Toolbox:WS_Toolbox:0.0.1-SNAPSHOT with classifier null to /WS_Toolbox/target/classes
2022-02-01 16:53:08,931 [Worker-89: Launching CreateEngItem] INFO  o.e.m.c.i.p.WorkspaceClassifierResolverManager - Resolving P/WS_Toolbox: WS_Toolbox:WS_Toolbox:0.0.1-SNAPSHOT with classifier null to /WS_Toolbox/target/classes
2022-02-01 16:53:08,944 [Worker-89: Launching CreateEngItem] INFO  o.e.m.c.i.p.WorkspaceClassifierResolverManager - Resolving P/WS_Toolbox: WS_Toolbox:WS_Toolbox:0.0.1-SNAPSHOT with classifier null to /WS_Toolbox/target/classes
2022-02-01 16:54:22,771 [Worker-92: Building] WARN  o.e.m.c.i.embedder.EclipseLogger - Using platform encoding (Cp1252 actually) to copy filtered resources, i.e. build is platform dependent!
2022-02-01 16:54:22,772 [Worker-92: Building] INFO  o.e.m.c.i.embedder.EclipseLogger - Copying 1 resource
2022-02-01 16:54:22,775 [Worker-92: Building] WARN  o.e.m.c.i.embedder.EclipseLogger - Using platform encoding (Cp1252 actually) to copy filtered resources, i.e. build is platform dependent!
2022-02-01 16:54:22,776 [Worker-92: Building] INFO  o.e.m.c.i.embedder.EclipseLogger - Copying 0 resource
2022-02-01 16:54:24,030 [Worker-87: Building] WARN  o.e.m.c.i.embedder.EclipseLogger - Using platform encoding (Cp1252 actually) to copy filtered resources, i.e. build is platform dependent!
2022-02-01 16:54:24,031 [Worker-87: Building] INFO  o.e.m.c.i.embedder.EclipseLogger - Copying 1 resource
2022-02-01 16:54:24,041 [Worker-87: Building] WARN  o.e.m.c.i.embedder.EclipseLogger - Using platform encoding (Cp1252 actually) to copy filtered resources, i.e. build is platform dependent!
2022-02-01 16:54:24,041 [Worker-87: Building] INFO  o.e.m.c.i.embedder.EclipseLogger - Copying 0 resource
2022-02-01 16:57:09,596 [Worker-93: Building] WARN  o.e.m.c.i.embedder.EclipseLogger - Using platform encoding (Cp1252 actually) to copy filtered resources, i.e. build is platform dependent!
2022-02-01 16:57:09,597 [Worker-93: Building] INFO  o.e.m.c.i.embedder.EclipseLogger - Copying 1 resource
2022-02-01 16:57:09,599 [Worker-93: Building] WARN  o.e.m.c.i.embedder.EclipseLogger - Using platform encoding (Cp1252 actually) to copy filtered resources, i.e. build is platform dependent!
2022-02-01 16:57:09,600 [Worker-93: Building] INFO  o.e.m.c.i.embedder.EclipseLogger - Copying 0 resource
2022-02-01 16:58:48,566 [Worker-96: Building] WARN  o.e.m.c.i.embedder.EclipseLogger - Using platform encoding (Cp1252 actually) to copy filtered resources, i.e. build is platform dependent!
2022-02-01 16:58:48,567 [Worker-96: Building] INFO  o.e.m.c.i.embedder.EclipseLogger - Copying 1 resource
2022-02-01 16:58:48,569 [Worker-96: Building] WARN  o.e.m.c.i.embedder.EclipseLogger - Using platform encoding (Cp1252 actually) to copy filtered resources, i.e. build is platform dependent!
2022-02-01 16:58:48,569 [Worker-96: Building] INFO  o.e.m.c.i.embedder.EclipseLogger - Copying 0 resource
2022-02-01 16:58:50,178 [Worker-94: Launching CreateEngItem] INFO  o.e.m.c.i.p.WorkspaceClassifierResolverManager - Resolving P/WS_Toolbox: WS_Toolbox:WS_Toolbox:0.0.1-SNAPSHOT with classifier null to /WS_Toolbox/target/classes
2022-02-01 16:58:50,190 [Worker-94: Launching CreateEngItem] INFO  o.e.m.c.i.p.WorkspaceClassifierResolverManager - Resolving P/WS_Toolbox: WS_Toolbox:WS_Toolbox:0.0.1-SNAPSHOT with classifier null to /WS_Toolbox/target/classes
2022-02-01 16:58:50,204 [Worker-94: Launching CreateEngItem] INFO  o.e.m.c.i.p.WorkspaceClassifierResolverManager - Resolving P/WS_Toolbox: WS_Toolbox:WS_Toolbox:0.0.1-SNAPSHOT with classifier null to /WS_Toolbox/target/classes
2022-02-01 17:01:37,420 [Worker-98: Building] WARN  o.e.m.c.i.embedder.EclipseLogger - Using platform encoding (Cp1252 actually) to copy filtered resources, i.e. build is platform dependent!
2022-02-01 17:01:37,421 [Worker-98: Building] INFO  o.e.m.c.i.embedder.EclipseLogger - Copying 1 resource
2022-02-01 17:01:37,424 [Worker-98: Building] WARN  o.e.m.c.i.embedder.EclipseLogger - Using platform encoding (Cp1252 actually) to copy filtered resources, i.e. build is platform dependent!
2022-02-01 17:01:37,424 [Worker-98: Building] INFO  o.e.m.c.i.embedder.EclipseLogger - Copying 0 resource
2022-02-01 17:01:38,677 [Worker-97: Building] WARN  o.e.m.c.i.embedder.EclipseLogger - Using platform encoding (Cp1252 actually) to copy filtered resources, i.e. build is platform dependent!
2022-02-01 17:01:38,678 [Worker-97: Building] INFO  o.e.m.c.i.embedder.EclipseLogger - Copying 1 resource
2022-02-01 17:01:38,688 [Worker-97: Building] WARN  o.e.m.c.i.embedder.EclipseLogger - Using platform encoding (Cp1252 actually) to copy filtered resources, i.e. build is platform dependent!
2022-02-01 17:01:38,689 [Worker-97: Building] INFO  o.e.m.c.i.embedder.EclipseLogger - Copying 0 resource
2022-02-01 17:01:39,739 [Worker-99: Launching CreateEngItem] INFO  o.e.m.c.i.p.WorkspaceClassifierResolverManager - Resolving P/WS_Toolbox: WS_Toolbox:WS_Toolbox:0.0.1-SNAPSHOT with classifier null to /WS_Toolbox/target/classes
2022-02-01 17:01:39,751 [Worker-99: Launching CreateEngItem] INFO  o.e.m.c.i.p.WorkspaceClassifierResolverManager - Resolving P/WS_Toolbox: WS_Toolbox:WS_Toolbox:0.0.1-SNAPSHOT with classifier null to /WS_Toolbox/target/classes
2022-02-01 17:01:39,765 [Worker-99: Launching CreateEngItem] INFO  o.e.m.c.i.p.WorkspaceClassifierResolverManager - Resolving P/WS_Toolbox: WS_Toolbox:WS_Toolbox:0.0.1-SNAPSHOT with classifier null to /WS_Toolbox/target/classes
2022-02-01 17:02:31,120 [Worker-101: Building] WARN  o.e.m.c.i.embedder.EclipseLogger - Using platform encoding (Cp1252 actually) to copy filtered resources, i.e. build is platform dependent!
2022-02-01 17:02:31,121 [Worker-101: Building] INFO  o.e.m.c.i.embedder.EclipseLogger - Copying 1 resource
2022-02-01 17:02:31,125 [Worker-101: Building] WARN  o.e.m.c.i.embedder.EclipseLogger - Using platform encoding (Cp1252 actually) to copy filtered resources, i.e. build is platform dependent!
2022-02-01 17:02:31,126 [Worker-101: Building] INFO  o.e.m.c.i.embedder.EclipseLogger - Copying 0 resource
2022-02-01 17:02:32,311 [Worker-97: Building] WARN  o.e.m.c.i.embedder.EclipseLogger - Using platform encoding (Cp1252 actually) to copy filtered resources, i.e. build is platform dependent!
2022-02-01 17:02:32,312 [Worker-97: Building] INFO  o.e.m.c.i.embedder.EclipseLogger - Copying 1 resource
2022-02-01 17:02:32,321 [Worker-97: Building] WARN  o.e.m.c.i.embedder.EclipseLogger - Using platform encoding (Cp1252 actually) to copy filtered resources, i.e. build is platform dependent!
2022-02-01 17:02:32,322 [Worker-97: Building] INFO  o.e.m.c.i.embedder.EclipseLogger - Copying 0 resource
2022-02-01 17:06:25,619 [Worker-102: Building] WARN  o.e.m.c.i.embedder.EclipseLogger - Using platform encoding (Cp1252 actually) to copy filtered resources, i.e. build is platform dependent!
2022-02-01 17:06:25,620 [Worker-102: Building] INFO  o.e.m.c.i.embedder.EclipseLogger - Copying 1 resource
2022-02-01 17:06:25,623 [Worker-102: Building] WARN  o.e.m.c.i.embedder.EclipseLogger - Using platform encoding (Cp1252 actually) to copy filtered resources, i.e. build is platform dependent!
2022-02-01 17:06:25,623 [Worker-102: Building] INFO  o.e.m.c.i.embedder.EclipseLogger - Copying 0 resource
2022-02-01 17:06:28,114 [Worker-99: Launching CreateEngItem] INFO  o.e.m.c.i.p.WorkspaceClassifierResolverManager - Resolving P/WS_Toolbox: WS_Toolbox:WS_Toolbox:0.0.1-SNAPSHOT with classifier null to /WS_Toolbox/target/classes
2022-02-01 17:06:28,128 [Worker-99: Launching CreateEngItem] INFO  o.e.m.c.i.p.WorkspaceClassifierResolverManager - Resolving P/WS_Toolbox: WS_Toolbox:WS_Toolbox:0.0.1-SNAPSHOT with classifier null to /WS_Toolbox/target/classes
2022-02-01 17:06:28,141 [Worker-99: Launching CreateEngItem] INFO  o.e.m.c.i.p.WorkspaceClassifierResolverManager - Resolving P/WS_Toolbox: WS_Toolbox:WS_Toolbox:0.0.1-SNAPSHOT with classifier null to /WS_Toolbox/target/classes
2022-02-01 17:06:46,432 [Worker-99: Building] WARN  o.e.m.c.i.embedder.EclipseLogger - Using platform encoding (Cp1252 actually) to copy filtered resources, i.e. build is platform dependent!
2022-02-01 17:06:46,433 [Worker-99: Building] INFO  o.e.m.c.i.embedder.EclipseLogger - Copying 1 resource
2022-02-01 17:06:46,435 [Worker-99: Building] WARN  o.e.m.c.i.embedder.EclipseLogger - Using platform encoding (Cp1252 actually) to copy filtered resources, i.e. build is platform dependent!
2022-02-01 17:06:46,436 [Worker-99: Building] INFO  o.e.m.c.i.embedder.EclipseLogger - Copying 0 resource
2022-02-01 17:06:47,492 [Worker-99: Building] WARN  o.e.m.c.i.embedder.EclipseLogger - Using platform encoding (Cp1252 actually) to copy filtered resources, i.e. build is platform dependent!
2022-02-01 17:06:47,493 [Worker-99: Building] INFO  o.e.m.c.i.embedder.EclipseLogger - Copying 1 resource
2022-02-01 17:06:47,503 [Worker-99: Building] WARN  o.e.m.c.i.embedder.EclipseLogger - Using platform encoding (Cp1252 actually) to copy filtered resources, i.e. build is platform dependent!
2022-02-01 17:06:47,504 [Worker-99: Building] INFO  o.e.m.c.i.embedder.EclipseLogger - Copying 0 resource
2022-02-01 17:06:47,620 [Worker-97: Launching CreateEngItem] INFO  o.e.m.c.i.p.WorkspaceClassifierResolverManager - Resolving P/WS_Toolbox: WS_Toolbox:WS_Toolbox:0.0.1-SNAPSHOT with classifier null to /WS_Toolbox/target/classes
2022-02-01 17:06:47,632 [Worker-97: Launching CreateEngItem] INFO  o.e.m.c.i.p.WorkspaceClassifierResolverManager - Resolving P/WS_Toolbox: WS_Toolbox:WS_Toolbox:0.0.1-SNAPSHOT with classifier null to /WS_Toolbox/target/classes
2022-02-01 17:06:47,643 [Worker-97: Launching CreateEngItem] INFO  o.e.m.c.i.p.WorkspaceClassifierResolverManager - Resolving P/WS_Toolbox: WS_Toolbox:WS_Toolbox:0.0.1-SNAPSHOT with classifier null to /WS_Toolbox/target/classes
2022-02-01 17:07:22,591 [Worker-97: Building] WARN  o.e.m.c.i.embedder.EclipseLogger - Using platform encoding (Cp1252 actually) to copy filtered resources, i.e. build is platform dependent!
2022-02-01 17:07:22,592 [Worker-97: Building] INFO  o.e.m.c.i.embedder.EclipseLogger - Copying 1 resource
2022-02-01 17:07:22,594 [Worker-97: Building] WARN  o.e.m.c.i.embedder.EclipseLogger - Using platform encoding (Cp1252 actually) to copy filtered resources, i.e. build is platform dependent!
2022-02-01 17:07:22,594 [Worker-97: Building] INFO  o.e.m.c.i.embedder.EclipseLogger - Copying 0 resource
2022-02-01 17:07:23,602 [Worker-102: Building] WARN  o.e.m.c.i.embedder.EclipseLogger - Using platform encoding (Cp1252 actually) to copy filtered resources, i.e. build is platform dependent!
2022-02-01 17:07:23,603 [Worker-102: Building] INFO  o.e.m.c.i.embedder.EclipseLogger - Copying 1 resource
2022-02-01 17:07:23,615 [Worker-102: Building] WARN  o.e.m.c.i.embedder.EclipseLogger - Using platform encoding (Cp1252 actually) to copy filtered resources, i.e. build is platform dependent!
2022-02-01 17:07:23,616 [Worker-102: Building] INFO  o.e.m.c.i.embedder.EclipseLogger - Copying 0 resource
2022-02-01 17:07:24,537 [Worker-103: Launching CreateEngItem] INFO  o.e.m.c.i.p.WorkspaceClassifierResolverManager - Resolving P/WS_Toolbox: WS_Toolbox:WS_Toolbox:0.0.1-SNAPSHOT with classifier null to /WS_Toolbox/target/classes
2022-02-01 17:07:24,547 [Worker-103: Launching CreateEngItem] INFO  o.e.m.c.i.p.WorkspaceClassifierResolverManager - Resolving P/WS_Toolbox: WS_Toolbox:WS_Toolbox:0.0.1-SNAPSHOT with classifier null to /WS_Toolbox/target/classes
2022-02-01 17:07:24,559 [Worker-103: Launching CreateEngItem] INFO  o.e.m.c.i.p.WorkspaceClassifierResolverManager - Resolving P/WS_Toolbox: WS_Toolbox:WS_Toolbox:0.0.1-SNAPSHOT with classifier null to /WS_Toolbox/target/classes
2022-02-01 17:08:25,569 [Worker-97: Launching CreateEngItem] INFO  o.e.m.c.i.p.WorkspaceClassifierResolverManager - Resolving P/WS_Toolbox: WS_Toolbox:WS_Toolbox:0.0.1-SNAPSHOT with classifier null to /WS_Toolbox/target/classes
2022-02-01 17:08:25,581 [Worker-97: Launching CreateEngItem] INFO  o.e.m.c.i.p.WorkspaceClassifierResolverManager - Resolving P/WS_Toolbox: WS_Toolbox:WS_Toolbox:0.0.1-SNAPSHOT with classifier null to /WS_Toolbox/target/classes
2022-02-01 17:08:25,592 [Worker-97: Launching CreateEngItem] INFO  o.e.m.c.i.p.WorkspaceClassifierResolverManager - Resolving P/WS_Toolbox: WS_Toolbox:WS_Toolbox:0.0.1-SNAPSHOT with classifier null to /WS_Toolbox/target/classes
2022-02-01 17:08:57,872 [Worker-97: Launching CreateEngItem] INFO  o.e.m.c.i.p.WorkspaceClassifierResolverManager - Resolving P/WS_Toolbox: WS_Toolbox:WS_Toolbox:0.0.1-SNAPSHOT with classifier null to /WS_Toolbox/target/classes
2022-02-01 17:08:57,883 [Worker-97: Launching CreateEngItem] INFO  o.e.m.c.i.p.WorkspaceClassifierResolverManager - Resolving P/WS_Toolbox: WS_Toolbox:WS_Toolbox:0.0.1-SNAPSHOT with classifier null to /WS_Toolbox/target/classes
2022-02-01 17:08:57,896 [Worker-97: Launching CreateEngItem] INFO  o.e.m.c.i.p.WorkspaceClassifierResolverManager - Resolving P/WS_Toolbox: WS_Toolbox:WS_Toolbox:0.0.1-SNAPSHOT with classifier null to /WS_Toolbox/target/classes
2022-02-01 17:09:28,159 [Worker-97: Launching CreateEngItem] INFO  o.e.m.c.i.p.WorkspaceClassifierResolverManager - Resolving P/WS_Toolbox: WS_Toolbox:WS_Toolbox:0.0.1-SNAPSHOT with classifier null to /WS_Toolbox/target/classes
2022-02-01 17:09:28,172 [Worker-97: Launching CreateEngItem] INFO  o.e.m.c.i.p.WorkspaceClassifierResolverManager - Resolving P/WS_Toolbox: WS_Toolbox:WS_Toolbox:0.0.1-SNAPSHOT with classifier null to /WS_Toolbox/target/classes
2022-02-01 17:09:28,186 [Worker-97: Launching CreateEngItem] INFO  o.e.m.c.i.p.WorkspaceClassifierResolverManager - Resolving P/WS_Toolbox: WS_Toolbox:WS_Toolbox:0.0.1-SNAPSHOT with classifier null to /WS_Toolbox/target/classes
2022-02-01 17:11:39,549 [Worker-105: Launching CreatePart] INFO  o.e.m.c.i.p.WorkspaceClassifierResolverManager - Resolving P/WS_Toolbox: WS_Toolbox:WS_Toolbox:0.0.1-SNAPSHOT with classifier null to /WS_Toolbox/target/classes
2022-02-01 17:11:39,561 [Worker-105: Launching CreatePart] INFO  o.e.m.c.i.p.WorkspaceClassifierResolverManager - Resolving P/WS_Toolbox: WS_Toolbox:WS_Toolbox:0.0.1-SNAPSHOT with classifier null to /WS_Toolbox/target/classes
2022-02-01 17:11:39,574 [Worker-105: Launching CreatePart] INFO  o.e.m.c.i.p.WorkspaceClassifierResolverManager - Resolving P/WS_Toolbox: WS_Toolbox:WS_Toolbox:0.0.1-SNAPSHOT with classifier null to /WS_Toolbox/target/classes
2022-02-01 17:11:58,760 [Worker-108: Building] WARN  o.e.m.c.i.embedder.EclipseLogger - Using platform encoding (Cp1252 actually) to copy filtered resources, i.e. build is platform dependent!
2022-02-01 17:11:58,761 [Worker-108: Building] INFO  o.e.m.c.i.embedder.EclipseLogger - Copying 1 resource
2022-02-01 17:11:58,769 [Worker-108: Building] WARN  o.e.m.c.i.embedder.EclipseLogger - Using platform encoding (Cp1252 actually) to copy filtered resources, i.e. build is platform dependent!
2022-02-01 17:11:58,770 [Worker-108: Building] INFO  o.e.m.c.i.embedder.EclipseLogger - Copying 0 resource
2022-02-01 17:14:05,974 [Worker-114: Launching CreatePart] INFO  o.e.m.c.i.p.WorkspaceClassifierResolverManager - Resolving P/WS_Toolbox: WS_Toolbox:WS_Toolbox:0.0.1-SNAPSHOT with classifier null to /WS_Toolbox/target/classes
2022-02-01 17:14:05,989 [Worker-114: Launching CreatePart] INFO  o.e.m.c.i.p.WorkspaceClassifierResolverManager - Resolving P/WS_Toolbox: WS_Toolbox:WS_Toolbox:0.0.1-SNAPSHOT with classifier null to /WS_Toolbox/target/classes
2022-02-01 17:14:06,004 [Worker-114: Launching CreatePart] INFO  o.e.m.c.i.p.WorkspaceClassifierResolverManager - Resolving P/WS_Toolbox: WS_Toolbox:WS_Toolbox:0.0.1-SNAPSHOT with classifier null to /WS_Toolbox/target/classes
2022-02-01 17:15:06,404 [Worker-114: Launching CreateEngItem] INFO  o.e.m.c.i.p.WorkspaceClassifierResolverManager - Resolving P/WS_Toolbox: WS_Toolbox:WS_Toolbox:0.0.1-SNAPSHOT with classifier null to /WS_Toolbox/target/classes
2022-02-01 17:15:06,418 [Worker-114: Launching CreateEngItem] INFO  o.e.m.c.i.p.WorkspaceClassifierResolverManager - Resolving P/WS_Toolbox: WS_Toolbox:WS_Toolbox:0.0.1-SNAPSHOT with classifier null to /WS_Toolbox/target/classes
2022-02-01 17:15:06,432 [Worker-114: Launching CreateEngItem] INFO  o.e.m.c.i.p.WorkspaceClassifierResolverManager - Resolving P/WS_Toolbox: WS_Toolbox:WS_Toolbox:0.0.1-SNAPSHOT with classifier null to /WS_Toolbox/target/classes
2022-02-01 17:16:05,667 [Worker-115: Launching CreateEngItem] INFO  o.e.m.c.i.p.WorkspaceClassifierResolverManager - Resolving P/WS_Toolbox: WS_Toolbox:WS_Toolbox:0.0.1-SNAPSHOT with classifier null to /WS_Toolbox/target/classes
2022-02-01 17:16:05,680 [Worker-115: Launching CreateEngItem] INFO  o.e.m.c.i.p.WorkspaceClassifierResolverManager - Resolving P/WS_Toolbox: WS_Toolbox:WS_Toolbox:0.0.1-SNAPSHOT with classifier null to /WS_Toolbox/target/classes
2022-02-01 17:16:05,692 [Worker-115: Launching CreateEngItem] INFO  o.e.m.c.i.p.WorkspaceClassifierResolverManager - Resolving P/WS_Toolbox: WS_Toolbox:WS_Toolbox:0.0.1-SNAPSHOT with classifier null to /WS_Toolbox/target/classes
